[362416][1586259564440][main][info]["Booting Postman 7.21.1, linux-5.4.30-1-lts on x64"]
[362416][1586259564443][main][info]["EventBus~initialize - Success"]
[362416][1586259564447][main][warn]["CloudProxyManager~init: Error while reading proxy configuration from user data - ",{"errno":-2,"code":"ENOENT","syscall":"open","path":"/home/majd/.config/Postman/Postman_Config/proxy","name":"Error","message":"ENOENT: no such file or directory, open '/home/majd/.config/Postman/Postman_Config/proxy'","stack":"Error: ENOENT: no such file or directory, open '/home/majd/.config/Postman/Postman_Config/proxy'"}]
[362416][1586259564448][main][info]["CloudProxyManager~init - Success"]
[362416][1586259564457][main][info]["UpdateHandler~init - Success"]
[362416][1586259564458][main][info]["RuntimeExecutionService~initialized: Success"]
[362416][1586259564549][main][info]["LinuxAutoUpdater~Cleanup - Initial cleanup successful"]
[362416][1586259565149][main][info]["Bootstrap-models~bootstrap - Success"]
[362416][1586259565493][main][info]["window-manager~newSharedWindow: Shell loaded"]
[362416][1586259567516][main][info]["Quitting app"]
[363768][1586259572640][main][info]["Booting Postman 7.21.1, linux-5.4.30-1-lts on x64"]
[363768][1586259572643][main][info]["EventBus~initialize - Success"]
[363768][1586259572645][main][warn]["CloudProxyManager~init: Error while reading proxy configuration from user data - ",{"errno":-2,"code":"ENOENT","syscall":"open","path":"/home/majd/.config/Postman/Postman_Config/proxy","name":"Error","message":"ENOENT: no such file or directory, open '/home/majd/.config/Postman/Postman_Config/proxy'","stack":"Error: ENOENT: no such file or directory, open '/home/majd/.config/Postman/Postman_Config/proxy'"}]
[363768][1586259572646][main][info]["CloudProxyManager~init - Success"]
[363768][1586259572659][main][info]["UpdateHandler~init - Success"]
[363768][1586259572659][main][info]["RuntimeExecutionService~initialized: Success"]
[363768][1586259572747][main][info]["LinuxAutoUpdater~Cleanup - Initial cleanup successful"]
[363768][1586259572924][main][info]["Bootstrap-models~bootstrap - Success"]
[363768][1586259573508][main][info]["window-manager~newSharedWindow: Shell loaded"]
[363768][1586259579772][main][info]["Main~AppEvents - Received booted event for process shared"]
[363768][1586259582790][main][info]["UpdateHandler~app-update-events - Received event",{"name":"checkForElectronVersionUpdated","namespace":"appUpdate"}]
[363768][1586259582854][main][info]["Main~AppEvents - Received booted event for process requester"]
[363768][1586259593120][main][info]["UpdateHandler~app-update-events - Received event",{"data":{"additionalParamsString":"installationId=1406a3da-f4b5-4918-9c38-0f685af4140f&userId=0&syncEnabled=false&teamPlan=","appId":"1406a3da-f4b5-4918-9c38-0f685af4140f","arch":"64","channel":"stable","downloadURL":"https://dl.pstmn.io/download/version/7.21.2/linux_64","downloadVersion":"7.21.2","platform":"LINUX","updateServerDomain":"https://dl.pstmn.io/","userAgent":"Mozilla/5.0 (X11; Linux x86_64) AppleWebKit/537.36 (KHTML, like Gecko) Postman/7.21.1 Chrome/69.0.3497.128 Electron/4.2.12 Safari/537.36","userId":"0","version":"7.21.1"},"name":"updateElectron","namespace":"appUpdate"}]
[363768][1586259593121][main][info]["LinuxUpdater~downloadUpdate - UpdateInfo received",{"additionalParamsString":"installationId=1406a3da-f4b5-4918-9c38-0f685af4140f&userId=0&syncEnabled=false&teamPlan=","appId":"1406a3da-f4b5-4918-9c38-0f685af4140f","arch":"64","channel":"stable","downloadURL":"https://dl.pstmn.io/download/version/7.21.2/linux_64","downloadVersion":"7.21.2","platform":"LINUX","updateServerDomain":"https://dl.pstmn.io/","userAgent":"Mozilla/5.0 (X11; Linux x86_64) AppleWebKit/537.36 (KHTML, like Gecko) Postman/7.21.1 Chrome/69.0.3497.128 Electron/4.2.12 Safari/537.36","userId":"0","version":"7.21.1"}]
[363768][1586259593214][main][info]["@postman/app-updater: error",{"errno":-13,"code":"EACCES","syscall":"open","path":"/usr/Postman-1586259593121.tar.gz","name":"Error","message":"EACCES: permission denied, open '/usr/Postman-1586259593121.tar.gz'","stack":"Error: EACCES: permission denied, open '/usr/Postman-1586259593121.tar.gz'"},{"packageName":"Postman","eID":"Postman-1586259593121","downloadURL":"https://dl.pstmn.io/download/version/7.21.2/linux_64","downloadDirectory":"/usr","downloadInfo":{"status":"DOWNLOAD_ERROR","error":{"errno":-13,"code":"EACCES","syscall":"open","path":"/usr/Postman-1586259593121.tar.gz"},"downloadDirectory":"/usr"}}]
[363768][1586259593216][main][info]["UpdateHandler~app-update-events - Received event",{"name":"electronAppUpdateError","namespace":"appUpdate","data":{"error":{"errno":-13,"code":"EACCES","syscall":"open","path":"/usr/Postman-1586259593121.tar.gz","name":"Error","message":"EACCES: permission denied, open '/usr/Postman-1586259593121.tar.gz'","stack":"Error: EACCES: permission denied, open '/usr/Postman-1586259593121.tar.gz'"},"updateData":{"packageName":"Postman","eID":"Postman-1586259593121","downloadURL":"https://dl.pstmn.io/download/version/7.21.2/linux_64","downloadDirectory":"/usr","downloadInfo":{"status":"DOWNLOAD_ERROR","error":{"errno":-13,"code":"EACCES","syscall":"open","path":"/usr/Postman-1586259593121.tar.gz"},"downloadDirectory":"/usr"}}}}]
[363768][1586260459065][main][info]["WindowManager~closeHandler - Closed Window (id: 4 )"]
[363768][1586260459081][main][info]["Quitting app"]
