[363768][1586259582301][requester][info]["EventBus~initialize - Success"]
[363768][1586259582305][requester][info]["Messaging~boot - Success"]
[363768][1586259582341][requester][info]["bootCrashReporter~ Success"]
[363768][1586259582342][requester][info]["Telemetry~boot - Success"]
[363768][1586259582345][requester][info]["bootConfigurations~initialize - Success"]
[363768][1586259582350][requester][info]["Settings~boot - Success"]
[363768][1586259582451][requester][info]["bootstrapModels - Success"]
[363768][1586259582452][requester][info]["WLModels~boot - Success"]
[363768][1586259582667][requester][info]["Session~boot - Success"]
[363768][1586259582671][requester][info]["IndependentServices~boot - Success"]
[363768][1586259582711][requester][info]["AppModels~boot - Success"]
[363768][1586259582713][requester][info]["RuntimeListeners~boot- Success"]
[363768][1586259582713][requester][info]["DBWatcher~boot - Success"]
[363768][1586259582717][requester][info]["ThemeManager~boot - Success"]
[363768][1586259582718][requester][info]["Store~boot - Success"]
[363768][1586259582722][requester][info]["Shortcuts~boot - Success"]
[363768][1586259582724][requester][info]["SyncProxy~boot - Success"]
[363768][1586259582781][requester][info]["NewConsole~boot - Success"]
[363768][1586259582782][requester][info]["APIDevInterface~boot - Success"]
[363768][1586259582816][requester][info]["Requester~boot - Success"]
[363768][1586259582818][requester][info]["booted - requester"]
[363768][1586259582873][requester][warn]["CloudProxyHandler: Error while reading proxy configuration from user data - ",{"errno":-2,"code":"ENOENT","syscall":"open","path":"/home/majd/.config/Postman/Postman_Config/proxy","name":"Error","message":"ENOENT: no such file or directory, open '/home/majd/.config/Postman/Postman_Config/proxy'","stack":"Error: ENOENT: no such file or directory, open '/home/majd/.config/Postman/Postman_Config/proxy'"}]
[363768][1586259585016][requester][info]["SessionValidation - Registering listener"]
[363768][1586259585044][requester][warn]["FeatureFlagsStore~updateFlags: Could not find feature flags",{"error":{"message":"SyncRequestService\\x7erequestListener: Could not fetch from sync. Socket not connected."}}]
[363768][1586259593229][requester][error]["Error in update flow: {\"code\":\"EACCES\",\"errno\":-13,\"message\":\"EACCES: permission denied, open '/usr/Postman-1586259593121.tar.gz'\",\"name\":\"Error\",\"path\":\"/usr/Postman-1586259593121.tar.gz\",\"stack\":\"Error: EACCES: permission denied, open '/usr/Postman-1586259593121.tar.gz'\",\"syscall\":\"open\"}"]
[363768][1586259618602][requester][warn]["Failed to subscribe to workspace for all APIs",{"name":"Error","message":"","stack":"Error\n    at SafeSubscriber.realtimeRequest$.pipe.subscribe.event [as _next] (file:///usr/share/postman/app/js/vendor-shared.js:467653:24)\n    at SafeSubscriber.__tryOrUnsub (file:///usr/share/postman/app/js/vendor-shared.js:41962:16)\n    at SafeSubscriber.next (file:///usr/share/postman/app/js/vendor-shared.js:41900:22)\n    at Subscriber._next (file:///usr/share/postman/app/js/vendor-shared.js:41843:26)\n    at Subscriber.next (file:///usr/share/postman/app/js/vendor-shared.js:41820:18)\n    at FilterSubscriber._next (file:///usr/share/postman/app/js/vendor-shared.js:155116:30)\n    at FilterSubscriber.Subscriber.next (file:///usr/share/postman/app/js/vendor-shared.js:41820:18)\n    at RefCountSubscriber.Subscriber._next (file:///usr/share/postman/app/js/vendor-shared.js:41843:26)\n    at RefCountSubscriber.Subscriber.next (file:///usr/share/postman/app/js/vendor-shared.js:41820:18)\n    at Subject.next (file:///usr/share/postman/app/js/vendor-shared.js:78802:25)\n    at ConnectableSubscriber.Subscriber._next (file:///usr/share/postman/app/js/vendor-shared.js:41843:26)\n    at ConnectableSubscriber.Subscriber.next (file:///usr/share/postman/app/js/vendor-shared.js:41820:18)\n    at EventEmitter.realtimeRequestBus.subscribe.event (file:///usr/share/postman/app/js/vendor-shared.js:467600:14)\n    at EventEmitter.emit (file:///usr/share/postman/app/js/vendor-shared.js:50144:5)\n    at _dispatch (file:///usr/share/postman/app/js/vendor-shared.js:153363:14)\n    at EventEmitter.<anonymous> (file:///usr/share/postman/app/js/vendor-shared.js:153373:9)\n    at EventEmitter.emit (events.js:182:13)"}]
[363768][1586259618664][requester][warn]["APIDevService~getAPIs: Failed to get APIs.",{"error":{"message":"SyncRequestService\\x7erequestListener: Could not fetch from sync. Socket not connected."}}]
[363768][1586259618665][requester][warn]["Failed to refresh API List",{"error":{"message":"SyncRequestService\\x7erequestListener: Could not fetch from sync. Socket not connected."}}]
[363768][1586259621731][requester][warn]["FeatureFlagsStore~updateFlags: Could not find feature flags",{"error":{"message":"SyncRequestService\\x7erequestListener: Could not fetch from sync. Socket not connected."}}]
