[363768][1586259576551][shared][info]["EventBus~initialize - Success"]
[363768][1586259576558][shared][info]["Messaging~boot - Success"]
[363768][1586259576592][shared][info]["bootCrashReporter~ Success"]
[363768][1586259576600][shared][info]["Telemetry~boot - Success"]
[363768][1586259576604][shared][info]["bootConfigurations~initialize - Success"]
[363768][1586259576632][shared][info]["Settings~boot - Success"]
[363768][1586259576635][shared][info]["Migrations: Starting migrations"]
[363768][1586259576636][shared][info]["Migrations: Walking migration","0000_initial"]
[363768][1586259576636][shared][info]["Migrations: Walking migration","0001_add_archived_resources_table"]
[363768][1586259576636][shared][info]["Migrations: Walking migration","0002_add_variable_sessions_table"]
[363768][1586259576637][shared][info]["Migrations: Walking migration","0003_add_editor_tables"]
[363768][1586259576637][shared][info]["Migrations: Walking migration","0004_migrate_ws_session_data"]
[363768][1586259576637][shared][info]["Migrations: Walking migration","0005_cleanup_request_response_and_history_body"]
[363768][1586259576638][shared][info]["Migrations: Walking migration","0006_add_dbp_to_request_response_and_history"]
[363768][1586259576639][shared][info]["Migrations: Walking migration","0007_add_sync_client_buckets_by_order_id_table"]
[363768][1586259576639][shared][info]["Migrations: Walking migration","0008_migrate_to_sync_client_buckets_by_order_id"]
[363768][1586259576639][shared][info]["Migrations: Walking migration","0009_remove_sync_client_buckets_table"]
[363768][1586259576640][shared][info]["Migrations: Walking migration","0010_add_history_owner"]
[363768][1586259576641][shared][info]["Migrations: Walking migration","0011_add_history_response_table"]
[363768][1586259576642][shared][info]["Migrations: Walking migration","0012_add_user_data_table"]
[363768][1586259576643][shared][info]["Migrations: Walking migration","0013_sanitize_request_response_and_history_methods"]
[363768][1586259576643][shared][info]["Migrations: Walking migration","0014_sanitize_response_requestobject_rawmodedata"]
[363768][1586259576644][shared][info]["Migrations: Walking migration","0015_add_favorited_collections_table"]
[363768][1586259576646][shared][info]["Migrations: Walking migration","0016_add_permission_table"]
[363768][1586259576647][shared][info]["Migrations: Walking migration","0017_add_user_preferences_table"]
[363768][1586259576647][shared][info]["Migrations: Walking migration","0018_index_header_presets"]
[363768][1586259576649][shared][info]["Migrations: Walking migration","0019_migrate_favorite_collections_data"]
[363768][1586259576650][shared][info]["Migrations: Walking migration","0020_migrate_sync_client_revision"]
[363768][1586259576651][shared][info]["Migrations: Walking migration","0021_clear_permissions"]
[363768][1586259576651][shared][info]["Migrations: Walking migration","0022_add_workspace_header_presets"]
[363768][1586259576652][shared][info]["Migrations: Walking migration","0023_remove_collection_permissions_and_shared"]
[363768][1586259576652][shared][info]["Migrations: Walking migration","0024_add_console_timelines_table"]
[363768][1586259576652][shared][info]["Migrations: Walking migration","0025_add_console_events_table"]
[363768][1586259576652][shared][info]["Migrations: Walking migration","0026_index_console_events"]
[363768][1586259576653][shared][info]["Migrations: Walking migration","0027_add_console_blob_table"]
[363768][1586259576653][shared][info]["Migrations: Walking migration","0028_add_runner_data_table"]
[363768][1586259576653][shared][info]["Migrations: Walking migration","0029_add_api_schema_table"]
[363768][1586259576653][shared][info]["Migrations: Walking migration","0030_migrate_collection_runs"]
[363768][1586259576653][shared][info]["Migrations: Walking migration","0031_add_api_relation_table"]
[363768][1586259576653][shared][info]["Migrations: Walking migration","0032_index_workspacesession_editor"]
[363768][1586259576654][shared][info]["Migrations: Walking migration","0033_add_editor_data_cache_table"]
[363768][1586259576654][shared][info]["Migrations: Starting migration","0000_initial"]
[363768][1586259576655][shared][info]["Migrations: Setting context before starting migration","0000_initial",{"0000_initial":"started"}]
[363768][1586259576656][shared][info]["Migrations: Applying migration","0000_initial"]
[363768][1586259576656][shared][info]["Migrations: Upgrading IndexedDB to version","0000_initial",1]
[363768][1586259576657][shared][info]["Migrations: Adding pending commit to queue","0000_initial"]
[363768][1586259576658][shared][info]["Migrations: Starting migration","0001_add_archived_resources_table"]
[363768][1586259576659][shared][info]["Migrations: Setting context before starting migration","0001_add_archived_resources_table",{"0000_initial":"started","0001_add_archived_resources_table":"started"}]
[363768][1586259576659][shared][info]["Migrations: Applying migration","0001_add_archived_resources_table"]
[363768][1586259576659][shared][info]["Migrations: Upgrading IndexedDB to version","0001_add_archived_resources_table",2]
[363768][1586259576662][shared][info]["Migrations: Adding pending commit to queue","0001_add_archived_resources_table"]
[363768][1586259576662][shared][info]["Migrations: Starting migration","0002_add_variable_sessions_table"]
[363768][1586259576663][shared][info]["Migrations: Setting context before starting migration","0002_add_variable_sessions_table",{"0000_initial":"started","0001_add_archived_resources_table":"started","0002_add_variable_sessions_table":"started"}]
[363768][1586259576664][shared][info]["Migrations: Applying migration","0002_add_variable_sessions_table"]
[363768][1586259576664][shared][info]["Migrations: Upgrading IndexedDB to version","0002_add_variable_sessions_table",3]
[363768][1586259576667][shared][info]["Migrations: Adding pending commit to queue","0002_add_variable_sessions_table"]
[363768][1586259576667][shared][info]["Migrations: Starting migration","0003_add_editor_tables"]
[363768][1586259576667][shared][info]["Migrations: Setting context before starting migration","0003_add_editor_tables",{"0000_initial":"started","0001_add_archived_resources_table":"started","0002_add_variable_sessions_table":"started","0003_add_editor_tables":"started"}]
[363768][1586259576668][shared][info]["Migrations: Applying migration","0003_add_editor_tables"]
[363768][1586259576668][shared][info]["Migrations: Upgrading IndexedDB to version","0003_add_editor_tables",4]
[363768][1586259576669][shared][info]["Migrations: Adding pending commit to queue","0003_add_editor_tables"]
[363768][1586259576669][shared][info]["Migrations: Starting migration","0004_migrate_ws_session_data"]
[363768][1586259576669][shared][info]["Migrations: Flushing pending migrations for","0004_migrate_ws_session_data"]
[363768][1586259576670][shared][info]["Migrations: Flushing pending commit for type","IndexeddbSchemaMigration"]
[363768][1586259576670][shared][info]["Migrations: Committing IndexedDB upgrade"]
[363768][1586259576785][shared][info]["Migrations: Updating status in migration context",{"0000_initial":"started","0001_add_archived_resources_table":"started","0002_add_variable_sessions_table":"started","0003_add_editor_tables":"started"}]
[363768][1586259576787][shared][info]["Migrations: Updated status in migration context",{"0000_initial":"finished","0001_add_archived_resources_table":"finished","0002_add_variable_sessions_table":"finished","0003_add_editor_tables":"finished"}]
[363768][1586259576787][shared][info]["Migrations: Setting context before starting migration","0004_migrate_ws_session_data",{"0000_initial":"finished","0001_add_archived_resources_table":"finished","0002_add_variable_sessions_table":"finished","0003_add_editor_tables":"finished","0004_migrate_ws_session_data":"started"}]
[363768][1586259576787][shared][info]["Migrations: Applying migration","0004_migrate_ws_session_data"]
[363768][1586259576788][shared][info]["Migrations: Processing IndexedDB data migration","0004_migrate_ws_session_data"]
[363768][1586259576824][shared][info]["Migration~Tabs: Starting migration"]
[363768][1586259576871][shared][info]["Migration~Tabs: Completed transformation"]
[363768][1586259576872][shared][info]["Migration~Tabs: Creating editors"]
[363768][1586259576876][shared][info]["Migration~Tabs: Creating editor models"]
[363768][1586259576926][shared][info]["Migrations: Saving migration context after completion","0004_migrate_ws_session_data",{"0000_initial":"finished","0001_add_archived_resources_table":"finished","0002_add_variable_sessions_table":"finished","0003_add_editor_tables":"finished","0004_migrate_ws_session_data":"started"}]
[363768][1586259576927][shared][info]["Migrations: Starting migration","0005_cleanup_request_response_and_history_body"]
[363768][1586259576928][shared][info]["Migrations: Flushing pending migrations for","0005_cleanup_request_response_and_history_body"]
[363768][1586259576929][shared][info]["Migrations: Updating status in migration context",{"0000_initial":"finished","0001_add_archived_resources_table":"finished","0002_add_variable_sessions_table":"finished","0003_add_editor_tables":"finished","0004_migrate_ws_session_data":"finished"}]
[363768][1586259576931][shared][info]["Migrations: Updated status in migration context",{"0000_initial":"finished","0001_add_archived_resources_table":"finished","0002_add_variable_sessions_table":"finished","0003_add_editor_tables":"finished","0004_migrate_ws_session_data":"finished"}]
[363768][1586259576931][shared][info]["Migrations: Setting context before starting migration","0005_cleanup_request_response_and_history_body",{"0000_initial":"finished","0001_add_archived_resources_table":"finished","0002_add_variable_sessions_table":"finished","0003_add_editor_tables":"finished","0004_migrate_ws_session_data":"finished","0005_cleanup_request_response_and_history_body":"started"}]
[363768][1586259576933][shared][info]["Migrations: Applying migration","0005_cleanup_request_response_and_history_body"]
[363768][1586259576933][shared][info]["Migrations: Processing IndexedDB data migration","0005_cleanup_request_response_and_history_body"]
[363768][1586259577012][shared][info]["Migrations: Saving migration context after completion","0005_cleanup_request_response_and_history_body",{"0000_initial":"finished","0001_add_archived_resources_table":"finished","0002_add_variable_sessions_table":"finished","0003_add_editor_tables":"finished","0004_migrate_ws_session_data":"finished","0005_cleanup_request_response_and_history_body":"started"}]
[363768][1586259577015][shared][info]["Migrations: Starting migration","0006_add_dbp_to_request_response_and_history"]
[363768][1586259577016][shared][info]["Migrations: Flushing pending migrations for","0006_add_dbp_to_request_response_and_history"]
[363768][1586259577016][shared][info]["Migrations: Updating status in migration context",{"0000_initial":"finished","0001_add_archived_resources_table":"finished","0002_add_variable_sessions_table":"finished","0003_add_editor_tables":"finished","0004_migrate_ws_session_data":"finished","0005_cleanup_request_response_and_history_body":"finished"}]
[363768][1586259577018][shared][info]["Migrations: Updated status in migration context",{"0000_initial":"finished","0001_add_archived_resources_table":"finished","0002_add_variable_sessions_table":"finished","0003_add_editor_tables":"finished","0004_migrate_ws_session_data":"finished","0005_cleanup_request_response_and_history_body":"finished"}]
[363768][1586259577018][shared][info]["Migrations: Setting context before starting migration","0006_add_dbp_to_request_response_and_history",{"0000_initial":"finished","0001_add_archived_resources_table":"finished","0002_add_variable_sessions_table":"finished","0003_add_editor_tables":"finished","0004_migrate_ws_session_data":"finished","0005_cleanup_request_response_and_history_body":"finished","0006_add_dbp_to_request_response_and_history":"started"}]
[363768][1586259577018][shared][info]["Migrations: Applying migration","0006_add_dbp_to_request_response_and_history"]
[363768][1586259577019][shared][info]["Migrations: Processing IndexedDB data migration","0006_add_dbp_to_request_response_and_history"]
[363768][1586259577071][shared][info]["Migrations: Saving migration context after completion","0006_add_dbp_to_request_response_and_history",{"0000_initial":"finished","0001_add_archived_resources_table":"finished","0002_add_variable_sessions_table":"finished","0003_add_editor_tables":"finished","0004_migrate_ws_session_data":"finished","0005_cleanup_request_response_and_history_body":"finished","0006_add_dbp_to_request_response_and_history":"started"}]
[363768][1586259577073][shared][info]["Migrations: Starting migration","0007_add_sync_client_buckets_by_order_id_table"]
[363768][1586259577073][shared][info]["Migrations: Setting context before starting migration","0007_add_sync_client_buckets_by_order_id_table",{"0000_initial":"finished","0001_add_archived_resources_table":"finished","0002_add_variable_sessions_table":"finished","0003_add_editor_tables":"finished","0004_migrate_ws_session_data":"finished","0005_cleanup_request_response_and_history_body":"finished","0006_add_dbp_to_request_response_and_history":"finished","0007_add_sync_client_buckets_by_order_id_table":"started"}]
[363768][1586259577073][shared][info]["Migrations: Applying migration","0007_add_sync_client_buckets_by_order_id_table"]
[363768][1586259577074][shared][info]["Migrations: Upgrading IndexedDB to version","0007_add_sync_client_buckets_by_order_id_table",5]
[363768][1586259577077][shared][info]["Migrations: Adding pending commit to queue","0007_add_sync_client_buckets_by_order_id_table"]
[363768][1586259577078][shared][info]["Migrations: Starting migration","0008_migrate_to_sync_client_buckets_by_order_id"]
[363768][1586259577078][shared][info]["Migrations: Flushing pending migrations for","0008_migrate_to_sync_client_buckets_by_order_id"]
[363768][1586259577079][shared][info]["Migrations: Flushing pending commit for type","IndexeddbSchemaMigration"]
[363768][1586259577079][shared][info]["Migrations: Committing IndexedDB upgrade"]
[363768][1586259577124][shared][info]["Migrations: Updating status in migration context",{"0000_initial":"finished","0001_add_archived_resources_table":"finished","0002_add_variable_sessions_table":"finished","0003_add_editor_tables":"finished","0004_migrate_ws_session_data":"finished","0005_cleanup_request_response_and_history_body":"finished","0006_add_dbp_to_request_response_and_history":"finished","0007_add_sync_client_buckets_by_order_id_table":"started"}]
[363768][1586259577124][shared][info]["Migrations: Updated status in migration context",{"0000_initial":"finished","0001_add_archived_resources_table":"finished","0002_add_variable_sessions_table":"finished","0003_add_editor_tables":"finished","0004_migrate_ws_session_data":"finished","0005_cleanup_request_response_and_history_body":"finished","0006_add_dbp_to_request_response_and_history":"finished","0007_add_sync_client_buckets_by_order_id_table":"finished"}]
[363768][1586259577125][shared][info]["Migrations: Setting context before starting migration","0008_migrate_to_sync_client_buckets_by_order_id",{"0000_initial":"finished","0001_add_archived_resources_table":"finished","0002_add_variable_sessions_table":"finished","0003_add_editor_tables":"finished","0004_migrate_ws_session_data":"finished","0005_cleanup_request_response_and_history_body":"finished","0006_add_dbp_to_request_response_and_history":"finished","0007_add_sync_client_buckets_by_order_id_table":"finished","0008_migrate_to_sync_client_buckets_by_order_id":"started"}]
[363768][1586259577126][shared][info]["Migrations: Applying migration","0008_migrate_to_sync_client_buckets_by_order_id"]
[363768][1586259577127][shared][info]["Migrations: Processing IndexedDB data migration","0008_migrate_to_sync_client_buckets_by_order_id"]
[363768][1586259577204][shared][info]["Migrations: Saving migration context after completion","0008_migrate_to_sync_client_buckets_by_order_id",{"0000_initial":"finished","0001_add_archived_resources_table":"finished","0002_add_variable_sessions_table":"finished","0003_add_editor_tables":"finished","0004_migrate_ws_session_data":"finished","0005_cleanup_request_response_and_history_body":"finished","0006_add_dbp_to_request_response_and_history":"finished","0007_add_sync_client_buckets_by_order_id_table":"finished","0008_migrate_to_sync_client_buckets_by_order_id":"started"}]
[363768][1586259577206][shared][info]["Migrations: Starting migration","0009_remove_sync_client_buckets_table"]
[363768][1586259577207][shared][info]["Migrations: Setting context before starting migration","0009_remove_sync_client_buckets_table",{"0000_initial":"finished","0001_add_archived_resources_table":"finished","0002_add_variable_sessions_table":"finished","0003_add_editor_tables":"finished","0004_migrate_ws_session_data":"finished","0005_cleanup_request_response_and_history_body":"finished","0006_add_dbp_to_request_response_and_history":"finished","0007_add_sync_client_buckets_by_order_id_table":"finished","0008_migrate_to_sync_client_buckets_by_order_id":"finished","0009_remove_sync_client_buckets_table":"started"}]
[363768][1586259577208][shared][info]["Migrations: Applying migration","0009_remove_sync_client_buckets_table"]
[363768][1586259577208][shared][info]["Migrations: Upgrading IndexedDB to version","0009_remove_sync_client_buckets_table",6]
[363768][1586259577215][shared][info]["Migrations: Adding pending commit to queue","0009_remove_sync_client_buckets_table"]
[363768][1586259577216][shared][info]["Migrations: Starting migration","0010_add_history_owner"]
[363768][1586259577217][shared][info]["Migrations: Flushing pending migrations for","0010_add_history_owner"]
[363768][1586259577218][shared][info]["Migrations: Flushing pending commit for type","IndexeddbSchemaMigration"]
[363768][1586259577218][shared][info]["Migrations: Committing IndexedDB upgrade"]
[363768][1586259577262][shared][info]["Migrations: Updating status in migration context",{"0000_initial":"finished","0001_add_archived_resources_table":"finished","0002_add_variable_sessions_table":"finished","0003_add_editor_tables":"finished","0004_migrate_ws_session_data":"finished","0005_cleanup_request_response_and_history_body":"finished","0006_add_dbp_to_request_response_and_history":"finished","0007_add_sync_client_buckets_by_order_id_table":"finished","0008_migrate_to_sync_client_buckets_by_order_id":"finished","0009_remove_sync_client_buckets_table":"started"}]
[363768][1586259577264][shared][info]["Migrations: Updated status in migration context",{"0000_initial":"finished","0001_add_archived_resources_table":"finished","0002_add_variable_sessions_table":"finished","0003_add_editor_tables":"finished","0004_migrate_ws_session_data":"finished","0005_cleanup_request_response_and_history_body":"finished","0006_add_dbp_to_request_response_and_history":"finished","0007_add_sync_client_buckets_by_order_id_table":"finished","0008_migrate_to_sync_client_buckets_by_order_id":"finished","0009_remove_sync_client_buckets_table":"finished"}]
[363768][1586259577266][shared][info]["Migrations: Setting context before starting migration","0010_add_history_owner",{"0000_initial":"finished","0001_add_archived_resources_table":"finished","0002_add_variable_sessions_table":"finished","0003_add_editor_tables":"finished","0004_migrate_ws_session_data":"finished","0005_cleanup_request_response_and_history_body":"finished","0006_add_dbp_to_request_response_and_history":"finished","0007_add_sync_client_buckets_by_order_id_table":"finished","0008_migrate_to_sync_client_buckets_by_order_id":"finished","0009_remove_sync_client_buckets_table":"finished","0010_add_history_owner":"started"}]
[363768][1586259577267][shared][info]["Migrations: Applying migration","0010_add_history_owner"]
[363768][1586259577267][shared][info]["Migrations: Processing IndexedDB data migration","0010_add_history_owner"]
[363768][1586259577343][shared][info]["Migrations: Saving migration context after completion","0010_add_history_owner",{"0000_initial":"finished","0001_add_archived_resources_table":"finished","0002_add_variable_sessions_table":"finished","0003_add_editor_tables":"finished","0004_migrate_ws_session_data":"finished","0005_cleanup_request_response_and_history_body":"finished","0006_add_dbp_to_request_response_and_history":"finished","0007_add_sync_client_buckets_by_order_id_table":"finished","0008_migrate_to_sync_client_buckets_by_order_id":"finished","0009_remove_sync_client_buckets_table":"finished","0010_add_history_owner":"started"}]
[363768][1586259577343][shared][info]["Migrations: Starting migration","0011_add_history_response_table"]
[363768][1586259577344][shared][info]["Migrations: Setting context before starting migration","0011_add_history_response_table",{"0000_initial":"finished","0001_add_archived_resources_table":"finished","0002_add_variable_sessions_table":"finished","0003_add_editor_tables":"finished","0004_migrate_ws_session_data":"finished","0005_cleanup_request_response_and_history_body":"finished","0006_add_dbp_to_request_response_and_history":"finished","0007_add_sync_client_buckets_by_order_id_table":"finished","0008_migrate_to_sync_client_buckets_by_order_id":"finished","0009_remove_sync_client_buckets_table":"finished","0010_add_history_owner":"finished","0011_add_history_response_table":"started"}]
[363768][1586259577345][shared][info]["Migrations: Applying migration","0011_add_history_response_table"]
[363768][1586259577346][shared][info]["Migrations: Upgrading IndexedDB to version","0011_add_history_response_table",7]
[363768][1586259577352][shared][info]["Migrations: Adding pending commit to queue","0011_add_history_response_table"]
[363768][1586259577352][shared][info]["Migrations: Starting migration","0012_add_user_data_table"]
[363768][1586259577352][shared][info]["Migrations: Setting context before starting migration","0012_add_user_data_table",{"0000_initial":"finished","0001_add_archived_resources_table":"finished","0002_add_variable_sessions_table":"finished","0003_add_editor_tables":"finished","0004_migrate_ws_session_data":"finished","0005_cleanup_request_response_and_history_body":"finished","0006_add_dbp_to_request_response_and_history":"finished","0007_add_sync_client_buckets_by_order_id_table":"finished","0008_migrate_to_sync_client_buckets_by_order_id":"finished","0009_remove_sync_client_buckets_table":"finished","0010_add_history_owner":"finished","0011_add_history_response_table":"started","0012_add_user_data_table":"started"}]
[363768][1586259577353][shared][info]["Migrations: Applying migration","0012_add_user_data_table"]
[363768][1586259577354][shared][info]["Migrations: Upgrading IndexedDB to version","0012_add_user_data_table",8]
[363768][1586259577360][shared][info]["Migrations: Adding pending commit to queue","0012_add_user_data_table"]
[363768][1586259577360][shared][info]["Migrations: Starting migration","0013_sanitize_request_response_and_history_methods"]
[363768][1586259577360][shared][info]["Migrations: Flushing pending migrations for","0013_sanitize_request_response_and_history_methods"]
[363768][1586259577361][shared][info]["Migrations: Flushing pending commit for type","IndexeddbSchemaMigration"]
[363768][1586259577361][shared][info]["Migrations: Committing IndexedDB upgrade"]
[363768][1586259577416][shared][info]["Migrations: Updating status in migration context",{"0000_initial":"finished","0001_add_archived_resources_table":"finished","0002_add_variable_sessions_table":"finished","0003_add_editor_tables":"finished","0004_migrate_ws_session_data":"finished","0005_cleanup_request_response_and_history_body":"finished","0006_add_dbp_to_request_response_and_history":"finished","0007_add_sync_client_buckets_by_order_id_table":"finished","0008_migrate_to_sync_client_buckets_by_order_id":"finished","0009_remove_sync_client_buckets_table":"finished","0010_add_history_owner":"finished","0011_add_history_response_table":"started","0012_add_user_data_table":"started"}]
[363768][1586259577417][shared][info]["Migrations: Updated status in migration context",{"0000_initial":"finished","0001_add_archived_resources_table":"finished","0002_add_variable_sessions_table":"finished","0003_add_editor_tables":"finished","0004_migrate_ws_session_data":"finished","0005_cleanup_request_response_and_history_body":"finished","0006_add_dbp_to_request_response_and_history":"finished","0007_add_sync_client_buckets_by_order_id_table":"finished","0008_migrate_to_sync_client_buckets_by_order_id":"finished","0009_remove_sync_client_buckets_table":"finished","0010_add_history_owner":"finished","0011_add_history_response_table":"finished","0012_add_user_data_table":"finished"}]
[363768][1586259577418][shared][info]["Migrations: Setting context before starting migration","0013_sanitize_request_response_and_history_methods",{"0000_initial":"finished","0001_add_archived_resources_table":"finished","0002_add_variable_sessions_table":"finished","0003_add_editor_tables":"finished","0004_migrate_ws_session_data":"finished","0005_cleanup_request_response_and_history_body":"finished","0006_add_dbp_to_request_response_and_history":"finished","0007_add_sync_client_buckets_by_order_id_table":"finished","0008_migrate_to_sync_client_buckets_by_order_id":"finished","0009_remove_sync_client_buckets_table":"finished","0010_add_history_owner":"finished","0011_add_history_response_table":"finished","0012_add_user_data_table":"finished","0013_sanitize_request_response_and_history_methods":"started"}]
[363768][1586259577419][shared][info]["Migrations: Applying migration","0013_sanitize_request_response_and_history_methods"]
[363768][1586259577419][shared][info]["Migrations: Processing IndexedDB data migration","0013_sanitize_request_response_and_history_methods"]
[363768][1586259577500][shared][info]["Migrations: Saving migration context after completion","0013_sanitize_request_response_and_history_methods",{"0000_initial":"finished","0001_add_archived_resources_table":"finished","0002_add_variable_sessions_table":"finished","0003_add_editor_tables":"finished","0004_migrate_ws_session_data":"finished","0005_cleanup_request_response_and_history_body":"finished","0006_add_dbp_to_request_response_and_history":"finished","0007_add_sync_client_buckets_by_order_id_table":"finished","0008_migrate_to_sync_client_buckets_by_order_id":"finished","0009_remove_sync_client_buckets_table":"finished","0010_add_history_owner":"finished","0011_add_history_response_table":"finished","0012_add_user_data_table":"finished","0013_sanitize_request_response_and_history_methods":"started"}]
[363768][1586259577501][shared][info]["Migrations: Starting migration","0014_sanitize_response_requestobject_rawmodedata"]
[363768][1586259577501][shared][info]["Migrations: Flushing pending migrations for","0014_sanitize_response_requestobject_rawmodedata"]
[363768][1586259577501][shared][info]["Migrations: Updating status in migration context",{"0000_initial":"finished","0001_add_archived_resources_table":"finished","0002_add_variable_sessions_table":"finished","0003_add_editor_tables":"finished","0004_migrate_ws_session_data":"finished","0005_cleanup_request_response_and_history_body":"finished","0006_add_dbp_to_request_response_and_history":"finished","0007_add_sync_client_buckets_by_order_id_table":"finished","0008_migrate_to_sync_client_buckets_by_order_id":"finished","0009_remove_sync_client_buckets_table":"finished","0010_add_history_owner":"finished","0011_add_history_response_table":"finished","0012_add_user_data_table":"finished","0013_sanitize_request_response_and_history_methods":"finished"}]
[363768][1586259577503][shared][info]["Migrations: Updated status in migration context",{"0000_initial":"finished","0001_add_archived_resources_table":"finished","0002_add_variable_sessions_table":"finished","0003_add_editor_tables":"finished","0004_migrate_ws_session_data":"finished","0005_cleanup_request_response_and_history_body":"finished","0006_add_dbp_to_request_response_and_history":"finished","0007_add_sync_client_buckets_by_order_id_table":"finished","0008_migrate_to_sync_client_buckets_by_order_id":"finished","0009_remove_sync_client_buckets_table":"finished","0010_add_history_owner":"finished","0011_add_history_response_table":"finished","0012_add_user_data_table":"finished","0013_sanitize_request_response_and_history_methods":"finished"}]
[363768][1586259577503][shared][info]["Migrations: Setting context before starting migration","0014_sanitize_response_requestobject_rawmodedata",{"0000_initial":"finished","0001_add_archived_resources_table":"finished","0002_add_variable_sessions_table":"finished","0003_add_editor_tables":"finished","0004_migrate_ws_session_data":"finished","0005_cleanup_request_response_and_history_body":"finished","0006_add_dbp_to_request_response_and_history":"finished","0007_add_sync_client_buckets_by_order_id_table":"finished","0008_migrate_to_sync_client_buckets_by_order_id":"finished","0009_remove_sync_client_buckets_table":"finished","0010_add_history_owner":"finished","0011_add_history_response_table":"finished","0012_add_user_data_table":"finished","0013_sanitize_request_response_and_history_methods":"finished","0014_sanitize_response_requestobject_rawmodedata":"started"}]
[363768][1586259577504][shared][info]["Migrations: Applying migration","0014_sanitize_response_requestobject_rawmodedata"]
[363768][1586259577504][shared][info]["Migrations: Processing IndexedDB data migration","0014_sanitize_response_requestobject_rawmodedata"]
[363768][1586259577550][shared][info]["Migrations: Saving migration context after completion","0014_sanitize_response_requestobject_rawmodedata",{"0000_initial":"finished","0001_add_archived_resources_table":"finished","0002_add_variable_sessions_table":"finished","0003_add_editor_tables":"finished","0004_migrate_ws_session_data":"finished","0005_cleanup_request_response_and_history_body":"finished","0006_add_dbp_to_request_response_and_history":"finished","0007_add_sync_client_buckets_by_order_id_table":"finished","0008_migrate_to_sync_client_buckets_by_order_id":"finished","0009_remove_sync_client_buckets_table":"finished","0010_add_history_owner":"finished","0011_add_history_response_table":"finished","0012_add_user_data_table":"finished","0013_sanitize_request_response_and_history_methods":"finished","0014_sanitize_response_requestobject_rawmodedata":"started"}]
[363768][1586259577551][shared][info]["Migrations: Starting migration","0015_add_favorited_collections_table"]
[363768][1586259577551][shared][info]["Migrations: Setting context before starting migration","0015_add_favorited_collections_table",{"0000_initial":"finished","0001_add_archived_resources_table":"finished","0002_add_variable_sessions_table":"finished","0003_add_editor_tables":"finished","0004_migrate_ws_session_data":"finished","0005_cleanup_request_response_and_history_body":"finished","0006_add_dbp_to_request_response_and_history":"finished","0007_add_sync_client_buckets_by_order_id_table":"finished","0008_migrate_to_sync_client_buckets_by_order_id":"finished","0009_remove_sync_client_buckets_table":"finished","0010_add_history_owner":"finished","0011_add_history_response_table":"finished","0012_add_user_data_table":"finished","0013_sanitize_request_response_and_history_methods":"finished","0014_sanitize_response_requestobject_rawmodedata":"finished","0015_add_favorited_collections_table":"started"}]
[363768][1586259577552][shared][info]["Migrations: Applying migration","0015_add_favorited_collections_table"]
[363768][1586259577552][shared][info]["Migrations: Upgrading IndexedDB to version","0015_add_favorited_collections_table",9]
[363768][1586259577557][shared][info]["Migrations: Adding pending commit to queue","0015_add_favorited_collections_table"]
[363768][1586259577557][shared][info]["Migrations: Starting migration","0016_add_permission_table"]
[363768][1586259577557][shared][info]["Migrations: Setting context before starting migration","0016_add_permission_table",{"0000_initial":"finished","0001_add_archived_resources_table":"finished","0002_add_variable_sessions_table":"finished","0003_add_editor_tables":"finished","0004_migrate_ws_session_data":"finished","0005_cleanup_request_response_and_history_body":"finished","0006_add_dbp_to_request_response_and_history":"finished","0007_add_sync_client_buckets_by_order_id_table":"finished","0008_migrate_to_sync_client_buckets_by_order_id":"finished","0009_remove_sync_client_buckets_table":"finished","0010_add_history_owner":"finished","0011_add_history_response_table":"finished","0012_add_user_data_table":"finished","0013_sanitize_request_response_and_history_methods":"finished","0014_sanitize_response_requestobject_rawmodedata":"finished","0015_add_favorited_collections_table":"started","0016_add_permission_table":"started"}]
[363768][1586259577559][shared][info]["Migrations: Applying migration","0016_add_permission_table"]
[363768][1586259577559][shared][info]["Migrations: Upgrading IndexedDB to version","0016_add_permission_table",10]
[363768][1586259577565][shared][info]["Migrations: Adding pending commit to queue","0016_add_permission_table"]
[363768][1586259577566][shared][info]["Migrations: Starting migration","0017_add_user_preferences_table"]
[363768][1586259577567][shared][info]["Migrations: Setting context before starting migration","0017_add_user_preferences_table",{"0000_initial":"finished","0001_add_archived_resources_table":"finished","0002_add_variable_sessions_table":"finished","0003_add_editor_tables":"finished","0004_migrate_ws_session_data":"finished","0005_cleanup_request_response_and_history_body":"finished","0006_add_dbp_to_request_response_and_history":"finished","0007_add_sync_client_buckets_by_order_id_table":"finished","0008_migrate_to_sync_client_buckets_by_order_id":"finished","0009_remove_sync_client_buckets_table":"finished","0010_add_history_owner":"finished","0011_add_history_response_table":"finished","0012_add_user_data_table":"finished","0013_sanitize_request_response_and_history_methods":"finished","0014_sanitize_response_requestobject_rawmodedata":"finished","0015_add_favorited_collections_table":"started","0016_add_permission_table":"started","0017_add_user_preferences_table":"started"}]
[363768][1586259577567][shared][info]["Migrations: Applying migration","0017_add_user_preferences_table"]
[363768][1586259577568][shared][info]["Migrations: Upgrading IndexedDB to version","0017_add_user_preferences_table",11]
[363768][1586259577572][shared][info]["Migrations: Adding pending commit to queue","0017_add_user_preferences_table"]
[363768][1586259577572][shared][info]["Migrations: Starting migration","0018_index_header_presets"]
[363768][1586259577573][shared][info]["Migrations: Setting context before starting migration","0018_index_header_presets",{"0000_initial":"finished","0001_add_archived_resources_table":"finished","0002_add_variable_sessions_table":"finished","0003_add_editor_tables":"finished","0004_migrate_ws_session_data":"finished","0005_cleanup_request_response_and_history_body":"finished","0006_add_dbp_to_request_response_and_history":"finished","0007_add_sync_client_buckets_by_order_id_table":"finished","0008_migrate_to_sync_client_buckets_by_order_id":"finished","0009_remove_sync_client_buckets_table":"finished","0010_add_history_owner":"finished","0011_add_history_response_table":"finished","0012_add_user_data_table":"finished","0013_sanitize_request_response_and_history_methods":"finished","0014_sanitize_response_requestobject_rawmodedata":"finished","0015_add_favorited_collections_table":"started","0016_add_permission_table":"started","0017_add_user_preferences_table":"started","0018_index_header_presets":"started"}]
[363768][1586259577573][shared][info]["Migrations: Applying migration","0018_index_header_presets"]
[363768][1586259577574][shared][info]["Migrations: Upgrading IndexedDB to version","0018_index_header_presets",12]
[363768][1586259577577][shared][info]["Migrations: Adding pending commit to queue","0018_index_header_presets"]
[363768][1586259577577][shared][info]["Migrations: Starting migration","0019_migrate_favorite_collections_data"]
[363768][1586259577578][shared][info]["Migrations: Flushing pending migrations for","0019_migrate_favorite_collections_data"]
[363768][1586259577580][shared][info]["Migrations: Flushing pending commit for type","IndexeddbSchemaMigration"]
[363768][1586259577580][shared][info]["Migrations: Committing IndexedDB upgrade"]
[363768][1586259577637][shared][info]["Migrations: Updating status in migration context",{"0000_initial":"finished","0001_add_archived_resources_table":"finished","0002_add_variable_sessions_table":"finished","0003_add_editor_tables":"finished","0004_migrate_ws_session_data":"finished","0005_cleanup_request_response_and_history_body":"finished","0006_add_dbp_to_request_response_and_history":"finished","0007_add_sync_client_buckets_by_order_id_table":"finished","0008_migrate_to_sync_client_buckets_by_order_id":"finished","0009_remove_sync_client_buckets_table":"finished","0010_add_history_owner":"finished","0011_add_history_response_table":"finished","0012_add_user_data_table":"finished","0013_sanitize_request_response_and_history_methods":"finished","0014_sanitize_response_requestobject_rawmodedata":"finished","0015_add_favorited_collections_table":"started","0016_add_permission_table":"started","0017_add_user_preferences_table":"started","0018_index_header_presets":"started"}]
[363768][1586259577638][shared][info]["Migrations: Updated status in migration context",{"0000_initial":"finished","0001_add_archived_resources_table":"finished","0002_add_variable_sessions_table":"finished","0003_add_editor_tables":"finished","0004_migrate_ws_session_data":"finished","0005_cleanup_request_response_and_history_body":"finished","0006_add_dbp_to_request_response_and_history":"finished","0007_add_sync_client_buckets_by_order_id_table":"finished","0008_migrate_to_sync_client_buckets_by_order_id":"finished","0009_remove_sync_client_buckets_table":"finished","0010_add_history_owner":"finished","0011_add_history_response_table":"finished","0012_add_user_data_table":"finished","0013_sanitize_request_response_and_history_methods":"finished","0014_sanitize_response_requestobject_rawmodedata":"finished","0015_add_favorited_collections_table":"finished","0016_add_permission_table":"finished","0017_add_user_preferences_table":"finished","0018_index_header_presets":"finished"}]
[363768][1586259577639][shared][info]["Migrations: Setting context before starting migration","0019_migrate_favorite_collections_data",{"0000_initial":"finished","0001_add_archived_resources_table":"finished","0002_add_variable_sessions_table":"finished","0003_add_editor_tables":"finished","0004_migrate_ws_session_data":"finished","0005_cleanup_request_response_and_history_body":"finished","0006_add_dbp_to_request_response_and_history":"finished","0007_add_sync_client_buckets_by_order_id_table":"finished","0008_migrate_to_sync_client_buckets_by_order_id":"finished","0009_remove_sync_client_buckets_table":"finished","0010_add_history_owner":"finished","0011_add_history_response_table":"finished","0012_add_user_data_table":"finished","0013_sanitize_request_response_and_history_methods":"finished","0014_sanitize_response_requestobject_rawmodedata":"finished","0015_add_favorited_collections_table":"finished","0016_add_permission_table":"finished","0017_add_user_preferences_table":"finished","0018_index_header_presets":"finished","0019_migrate_favorite_collections_data":"started"}]
[363768][1586259577640][shared][info]["Migrations: Applying migration","0019_migrate_favorite_collections_data"]
[363768][1586259577640][shared][info]["Migrations: Processing IndexedDB data migration","0019_migrate_favorite_collections_data"]
[363768][1586259577643][shared][info]["Migration~FavoriteCollections: Starting migration"]
[363768][1586259578183][shared][info]["Migrations: Saving migration context after completion","0019_migrate_favorite_collections_data",{"0000_initial":"finished","0001_add_archived_resources_table":"finished","0002_add_variable_sessions_table":"finished","0003_add_editor_tables":"finished","0004_migrate_ws_session_data":"finished","0005_cleanup_request_response_and_history_body":"finished","0006_add_dbp_to_request_response_and_history":"finished","0007_add_sync_client_buckets_by_order_id_table":"finished","0008_migrate_to_sync_client_buckets_by_order_id":"finished","0009_remove_sync_client_buckets_table":"finished","0010_add_history_owner":"finished","0011_add_history_response_table":"finished","0012_add_user_data_table":"finished","0013_sanitize_request_response_and_history_methods":"finished","0014_sanitize_response_requestobject_rawmodedata":"finished","0015_add_favorited_collections_table":"finished","0016_add_permission_table":"finished","0017_add_user_preferences_table":"finished","0018_index_header_presets":"finished","0019_migrate_favorite_collections_data":"started"}]
[363768][1586259578185][shared][info]["Migrations: Starting migration","0020_migrate_sync_client_revision"]
[363768][1586259578185][shared][info]["Migrations: Flushing pending migrations for","0020_migrate_sync_client_revision"]
[363768][1586259578186][shared][info]["Migrations: Updating status in migration context",{"0000_initial":"finished","0001_add_archived_resources_table":"finished","0002_add_variable_sessions_table":"finished","0003_add_editor_tables":"finished","0004_migrate_ws_session_data":"finished","0005_cleanup_request_response_and_history_body":"finished","0006_add_dbp_to_request_response_and_history":"finished","0007_add_sync_client_buckets_by_order_id_table":"finished","0008_migrate_to_sync_client_buckets_by_order_id":"finished","0009_remove_sync_client_buckets_table":"finished","0010_add_history_owner":"finished","0011_add_history_response_table":"finished","0012_add_user_data_table":"finished","0013_sanitize_request_response_and_history_methods":"finished","0014_sanitize_response_requestobject_rawmodedata":"finished","0015_add_favorited_collections_table":"finished","0016_add_permission_table":"finished","0017_add_user_preferences_table":"finished","0018_index_header_presets":"finished","0019_migrate_favorite_collections_data":"finished"}]
[363768][1586259578188][shared][info]["Migrations: Updated status in migration context",{"0000_initial":"finished","0001_add_archived_resources_table":"finished","0002_add_variable_sessions_table":"finished","0003_add_editor_tables":"finished","0004_migrate_ws_session_data":"finished","0005_cleanup_request_response_and_history_body":"finished","0006_add_dbp_to_request_response_and_history":"finished","0007_add_sync_client_buckets_by_order_id_table":"finished","0008_migrate_to_sync_client_buckets_by_order_id":"finished","0009_remove_sync_client_buckets_table":"finished","0010_add_history_owner":"finished","0011_add_history_response_table":"finished","0012_add_user_data_table":"finished","0013_sanitize_request_response_and_history_methods":"finished","0014_sanitize_response_requestobject_rawmodedata":"finished","0015_add_favorited_collections_table":"finished","0016_add_permission_table":"finished","0017_add_user_preferences_table":"finished","0018_index_header_presets":"finished","0019_migrate_favorite_collections_data":"finished"}]
[363768][1586259578189][shared][info]["Migrations: Setting context before starting migration","0020_migrate_sync_client_revision",{"0000_initial":"finished","0001_add_archived_resources_table":"finished","0002_add_variable_sessions_table":"finished","0003_add_editor_tables":"finished","0004_migrate_ws_session_data":"finished","0005_cleanup_request_response_and_history_body":"finished","0006_add_dbp_to_request_response_and_history":"finished","0007_add_sync_client_buckets_by_order_id_table":"finished","0008_migrate_to_sync_client_buckets_by_order_id":"finished","0009_remove_sync_client_buckets_table":"finished","0010_add_history_owner":"finished","0011_add_history_response_table":"finished","0012_add_user_data_table":"finished","0013_sanitize_request_response_and_history_methods":"finished","0014_sanitize_response_requestobject_rawmodedata":"finished","0015_add_favorited_collections_table":"finished","0016_add_permission_table":"finished","0017_add_user_preferences_table":"finished","0018_index_header_presets":"finished","0019_migrate_favorite_collections_data":"finished","0020_migrate_sync_client_revision":"started"}]
[363768][1586259578191][shared][info]["Migrations: Applying migration","0020_migrate_sync_client_revision"]
[363768][1586259578191][shared][info]["Migrations: Processing IndexedDB data migration","0020_migrate_sync_client_revision"]
[363768][1586259578198][shared][info]["Migration~SyncClientRevision: Migrating revision id for timelines"]
[363768][1586259578666][shared][info]["Migrations: Saving migration context after completion","0020_migrate_sync_client_revision",{"0000_initial":"finished","0001_add_archived_resources_table":"finished","0002_add_variable_sessions_table":"finished","0003_add_editor_tables":"finished","0004_migrate_ws_session_data":"finished","0005_cleanup_request_response_and_history_body":"finished","0006_add_dbp_to_request_response_and_history":"finished","0007_add_sync_client_buckets_by_order_id_table":"finished","0008_migrate_to_sync_client_buckets_by_order_id":"finished","0009_remove_sync_client_buckets_table":"finished","0010_add_history_owner":"finished","0011_add_history_response_table":"finished","0012_add_user_data_table":"finished","0013_sanitize_request_response_and_history_methods":"finished","0014_sanitize_response_requestobject_rawmodedata":"finished","0015_add_favorited_collections_table":"finished","0016_add_permission_table":"finished","0017_add_user_preferences_table":"finished","0018_index_header_presets":"finished","0019_migrate_favorite_collections_data":"finished","0020_migrate_sync_client_revision":"started"}]
[363768][1586259578668][shared][info]["Migrations: Starting migration","0021_clear_permissions"]
[363768][1586259578669][shared][info]["Migrations: Flushing pending migrations for","0021_clear_permissions"]
[363768][1586259578669][shared][info]["Migrations: Updating status in migration context",{"0000_initial":"finished","0001_add_archived_resources_table":"finished","0002_add_variable_sessions_table":"finished","0003_add_editor_tables":"finished","0004_migrate_ws_session_data":"finished","0005_cleanup_request_response_and_history_body":"finished","0006_add_dbp_to_request_response_and_history":"finished","0007_add_sync_client_buckets_by_order_id_table":"finished","0008_migrate_to_sync_client_buckets_by_order_id":"finished","0009_remove_sync_client_buckets_table":"finished","0010_add_history_owner":"finished","0011_add_history_response_table":"finished","0012_add_user_data_table":"finished","0013_sanitize_request_response_and_history_methods":"finished","0014_sanitize_response_requestobject_rawmodedata":"finished","0015_add_favorited_collections_table":"finished","0016_add_permission_table":"finished","0017_add_user_preferences_table":"finished","0018_index_header_presets":"finished","0019_migrate_favorite_collections_data":"finished","0020_migrate_sync_client_revision":"finished"}]
[363768][1586259578670][shared][info]["Migrations: Updated status in migration context",{"0000_initial":"finished","0001_add_archived_resources_table":"finished","0002_add_variable_sessions_table":"finished","0003_add_editor_tables":"finished","0004_migrate_ws_session_data":"finished","0005_cleanup_request_response_and_history_body":"finished","0006_add_dbp_to_request_response_and_history":"finished","0007_add_sync_client_buckets_by_order_id_table":"finished","0008_migrate_to_sync_client_buckets_by_order_id":"finished","0009_remove_sync_client_buckets_table":"finished","0010_add_history_owner":"finished","0011_add_history_response_table":"finished","0012_add_user_data_table":"finished","0013_sanitize_request_response_and_history_methods":"finished","0014_sanitize_response_requestobject_rawmodedata":"finished","0015_add_favorited_collections_table":"finished","0016_add_permission_table":"finished","0017_add_user_preferences_table":"finished","0018_index_header_presets":"finished","0019_migrate_favorite_collections_data":"finished","0020_migrate_sync_client_revision":"finished"}]
[363768][1586259578671][shared][info]["Migrations: Setting context before starting migration","0021_clear_permissions",{"0000_initial":"finished","0001_add_archived_resources_table":"finished","0002_add_variable_sessions_table":"finished","0003_add_editor_tables":"finished","0004_migrate_ws_session_data":"finished","0005_cleanup_request_response_and_history_body":"finished","0006_add_dbp_to_request_response_and_history":"finished","0007_add_sync_client_buckets_by_order_id_table":"finished","0008_migrate_to_sync_client_buckets_by_order_id":"finished","0009_remove_sync_client_buckets_table":"finished","0010_add_history_owner":"finished","0011_add_history_response_table":"finished","0012_add_user_data_table":"finished","0013_sanitize_request_response_and_history_methods":"finished","0014_sanitize_response_requestobject_rawmodedata":"finished","0015_add_favorited_collections_table":"finished","0016_add_permission_table":"finished","0017_add_user_preferences_table":"finished","0018_index_header_presets":"finished","0019_migrate_favorite_collections_data":"finished","0020_migrate_sync_client_revision":"finished","0021_clear_permissions":"started"}]
[363768][1586259578672][shared][info]["Migrations: Applying migration","0021_clear_permissions"]
[363768][1586259578672][shared][info]["Migrations: Processing IndexedDB data migration","0021_clear_permissions"]
[363768][1586259578681][shared][info]["Migration~Permissions: Starting migration"]
[363768][1586259578736][shared][info]["Migrations: Saving migration context after completion","0021_clear_permissions",{"0000_initial":"finished","0001_add_archived_resources_table":"finished","0002_add_variable_sessions_table":"finished","0003_add_editor_tables":"finished","0004_migrate_ws_session_data":"finished","0005_cleanup_request_response_and_history_body":"finished","0006_add_dbp_to_request_response_and_history":"finished","0007_add_sync_client_buckets_by_order_id_table":"finished","0008_migrate_to_sync_client_buckets_by_order_id":"finished","0009_remove_sync_client_buckets_table":"finished","0010_add_history_owner":"finished","0011_add_history_response_table":"finished","0012_add_user_data_table":"finished","0013_sanitize_request_response_and_history_methods":"finished","0014_sanitize_response_requestobject_rawmodedata":"finished","0015_add_favorited_collections_table":"finished","0016_add_permission_table":"finished","0017_add_user_preferences_table":"finished","0018_index_header_presets":"finished","0019_migrate_favorite_collections_data":"finished","0020_migrate_sync_client_revision":"finished","0021_clear_permissions":"started"}]
[363768][1586259578738][shared][info]["Migrations: Starting migration","0022_add_workspace_header_presets"]
[363768][1586259578738][shared][info]["Migrations: Flushing pending migrations for","0022_add_workspace_header_presets"]
[363768][1586259578738][shared][info]["Migrations: Updating status in migration context",{"0000_initial":"finished","0001_add_archived_resources_table":"finished","0002_add_variable_sessions_table":"finished","0003_add_editor_tables":"finished","0004_migrate_ws_session_data":"finished","0005_cleanup_request_response_and_history_body":"finished","0006_add_dbp_to_request_response_and_history":"finished","0007_add_sync_client_buckets_by_order_id_table":"finished","0008_migrate_to_sync_client_buckets_by_order_id":"finished","0009_remove_sync_client_buckets_table":"finished","0010_add_history_owner":"finished","0011_add_history_response_table":"finished","0012_add_user_data_table":"finished","0013_sanitize_request_response_and_history_methods":"finished","0014_sanitize_response_requestobject_rawmodedata":"finished","0015_add_favorited_collections_table":"finished","0016_add_permission_table":"finished","0017_add_user_preferences_table":"finished","0018_index_header_presets":"finished","0019_migrate_favorite_collections_data":"finished","0020_migrate_sync_client_revision":"finished","0021_clear_permissions":"finished"}]
[363768][1586259578739][shared][info]["Migrations: Updated status in migration context",{"0000_initial":"finished","0001_add_archived_resources_table":"finished","0002_add_variable_sessions_table":"finished","0003_add_editor_tables":"finished","0004_migrate_ws_session_data":"finished","0005_cleanup_request_response_and_history_body":"finished","0006_add_dbp_to_request_response_and_history":"finished","0007_add_sync_client_buckets_by_order_id_table":"finished","0008_migrate_to_sync_client_buckets_by_order_id":"finished","0009_remove_sync_client_buckets_table":"finished","0010_add_history_owner":"finished","0011_add_history_response_table":"finished","0012_add_user_data_table":"finished","0013_sanitize_request_response_and_history_methods":"finished","0014_sanitize_response_requestobject_rawmodedata":"finished","0015_add_favorited_collections_table":"finished","0016_add_permission_table":"finished","0017_add_user_preferences_table":"finished","0018_index_header_presets":"finished","0019_migrate_favorite_collections_data":"finished","0020_migrate_sync_client_revision":"finished","0021_clear_permissions":"finished"}]
[363768][1586259578739][shared][info]["Migrations: Setting context before starting migration","0022_add_workspace_header_presets",{"0000_initial":"finished","0001_add_archived_resources_table":"finished","0002_add_variable_sessions_table":"finished","0003_add_editor_tables":"finished","0004_migrate_ws_session_data":"finished","0005_cleanup_request_response_and_history_body":"finished","0006_add_dbp_to_request_response_and_history":"finished","0007_add_sync_client_buckets_by_order_id_table":"finished","0008_migrate_to_sync_client_buckets_by_order_id":"finished","0009_remove_sync_client_buckets_table":"finished","0010_add_history_owner":"finished","0011_add_history_response_table":"finished","0012_add_user_data_table":"finished","0013_sanitize_request_response_and_history_methods":"finished","0014_sanitize_response_requestobject_rawmodedata":"finished","0015_add_favorited_collections_table":"finished","0016_add_permission_table":"finished","0017_add_user_preferences_table":"finished","0018_index_header_presets":"finished","0019_migrate_favorite_collections_data":"finished","0020_migrate_sync_client_revision":"finished","0021_clear_permissions":"finished","0022_add_workspace_header_presets":"started"}]
[363768][1586259578740][shared][info]["Migrations: Applying migration","0022_add_workspace_header_presets"]
[363768][1586259578740][shared][info]["Migrations: Processing IndexedDB data migration","0022_add_workspace_header_presets"]
[363768][1586259578744][shared][info]["Migration~HeaderPresets: Add workspace property in header presets"]
[363768][1586259578800][shared][info]["Migrations: Saving migration context after completion","0022_add_workspace_header_presets",{"0000_initial":"finished","0001_add_archived_resources_table":"finished","0002_add_variable_sessions_table":"finished","0003_add_editor_tables":"finished","0004_migrate_ws_session_data":"finished","0005_cleanup_request_response_and_history_body":"finished","0006_add_dbp_to_request_response_and_history":"finished","0007_add_sync_client_buckets_by_order_id_table":"finished","0008_migrate_to_sync_client_buckets_by_order_id":"finished","0009_remove_sync_client_buckets_table":"finished","0010_add_history_owner":"finished","0011_add_history_response_table":"finished","0012_add_user_data_table":"finished","0013_sanitize_request_response_and_history_methods":"finished","0014_sanitize_response_requestobject_rawmodedata":"finished","0015_add_favorited_collections_table":"finished","0016_add_permission_table":"finished","0017_add_user_preferences_table":"finished","0018_index_header_presets":"finished","0019_migrate_favorite_collections_data":"finished","0020_migrate_sync_client_revision":"finished","0021_clear_permissions":"finished","0022_add_workspace_header_presets":"started"}]
[363768][1586259578802][shared][info]["Migrations: Starting migration","0023_remove_collection_permissions_and_shared"]
[363768][1586259578802][shared][info]["Migrations: Flushing pending migrations for","0023_remove_collection_permissions_and_shared"]
[363768][1586259578802][shared][info]["Migrations: Updating status in migration context",{"0000_initial":"finished","0001_add_archived_resources_table":"finished","0002_add_variable_sessions_table":"finished","0003_add_editor_tables":"finished","0004_migrate_ws_session_data":"finished","0005_cleanup_request_response_and_history_body":"finished","0006_add_dbp_to_request_response_and_history":"finished","0007_add_sync_client_buckets_by_order_id_table":"finished","0008_migrate_to_sync_client_buckets_by_order_id":"finished","0009_remove_sync_client_buckets_table":"finished","0010_add_history_owner":"finished","0011_add_history_response_table":"finished","0012_add_user_data_table":"finished","0013_sanitize_request_response_and_history_methods":"finished","0014_sanitize_response_requestobject_rawmodedata":"finished","0015_add_favorited_collections_table":"finished","0016_add_permission_table":"finished","0017_add_user_preferences_table":"finished","0018_index_header_presets":"finished","0019_migrate_favorite_collections_data":"finished","0020_migrate_sync_client_revision":"finished","0021_clear_permissions":"finished","0022_add_workspace_header_presets":"finished"}]
[363768][1586259578803][shared][info]["Migrations: Updated status in migration context",{"0000_initial":"finished","0001_add_archived_resources_table":"finished","0002_add_variable_sessions_table":"finished","0003_add_editor_tables":"finished","0004_migrate_ws_session_data":"finished","0005_cleanup_request_response_and_history_body":"finished","0006_add_dbp_to_request_response_and_history":"finished","0007_add_sync_client_buckets_by_order_id_table":"finished","0008_migrate_to_sync_client_buckets_by_order_id":"finished","0009_remove_sync_client_buckets_table":"finished","0010_add_history_owner":"finished","0011_add_history_response_table":"finished","0012_add_user_data_table":"finished","0013_sanitize_request_response_and_history_methods":"finished","0014_sanitize_response_requestobject_rawmodedata":"finished","0015_add_favorited_collections_table":"finished","0016_add_permission_table":"finished","0017_add_user_preferences_table":"finished","0018_index_header_presets":"finished","0019_migrate_favorite_collections_data":"finished","0020_migrate_sync_client_revision":"finished","0021_clear_permissions":"finished","0022_add_workspace_header_presets":"finished"}]
[363768][1586259578804][shared][info]["Migrations: Setting context before starting migration","0023_remove_collection_permissions_and_shared",{"0000_initial":"finished","0001_add_archived_resources_table":"finished","0002_add_variable_sessions_table":"finished","0003_add_editor_tables":"finished","0004_migrate_ws_session_data":"finished","0005_cleanup_request_response_and_history_body":"finished","0006_add_dbp_to_request_response_and_history":"finished","0007_add_sync_client_buckets_by_order_id_table":"finished","0008_migrate_to_sync_client_buckets_by_order_id":"finished","0009_remove_sync_client_buckets_table":"finished","0010_add_history_owner":"finished","0011_add_history_response_table":"finished","0012_add_user_data_table":"finished","0013_sanitize_request_response_and_history_methods":"finished","0014_sanitize_response_requestobject_rawmodedata":"finished","0015_add_favorited_collections_table":"finished","0016_add_permission_table":"finished","0017_add_user_preferences_table":"finished","0018_index_header_presets":"finished","0019_migrate_favorite_collections_data":"finished","0020_migrate_sync_client_revision":"finished","0021_clear_permissions":"finished","0022_add_workspace_header_presets":"finished","0023_remove_collection_permissions_and_shared":"started"}]
[363768][1586259578806][shared][info]["Migrations: Applying migration","0023_remove_collection_permissions_and_shared"]
[363768][1586259578806][shared][info]["Migrations: Processing IndexedDB data migration","0023_remove_collection_permissions_and_shared"]
[363768][1586259578866][shared][info]["Migrations: Saving migration context after completion","0023_remove_collection_permissions_and_shared",{"0000_initial":"finished","0001_add_archived_resources_table":"finished","0002_add_variable_sessions_table":"finished","0003_add_editor_tables":"finished","0004_migrate_ws_session_data":"finished","0005_cleanup_request_response_and_history_body":"finished","0006_add_dbp_to_request_response_and_history":"finished","0007_add_sync_client_buckets_by_order_id_table":"finished","0008_migrate_to_sync_client_buckets_by_order_id":"finished","0009_remove_sync_client_buckets_table":"finished","0010_add_history_owner":"finished","0011_add_history_response_table":"finished","0012_add_user_data_table":"finished","0013_sanitize_request_response_and_history_methods":"finished","0014_sanitize_response_requestobject_rawmodedata":"finished","0015_add_favorited_collections_table":"finished","0016_add_permission_table":"finished","0017_add_user_preferences_table":"finished","0018_index_header_presets":"finished","0019_migrate_favorite_collections_data":"finished","0020_migrate_sync_client_revision":"finished","0021_clear_permissions":"finished","0022_add_workspace_header_presets":"finished","0023_remove_collection_permissions_and_shared":"started"}]
[363768][1586259578867][shared][info]["Migrations: Starting migration","0024_add_console_timelines_table"]
[363768][1586259578867][shared][info]["Migrations: Setting context before starting migration","0024_add_console_timelines_table",{"0000_initial":"finished","0001_add_archived_resources_table":"finished","0002_add_variable_sessions_table":"finished","0003_add_editor_tables":"finished","0004_migrate_ws_session_data":"finished","0005_cleanup_request_response_and_history_body":"finished","0006_add_dbp_to_request_response_and_history":"finished","0007_add_sync_client_buckets_by_order_id_table":"finished","0008_migrate_to_sync_client_buckets_by_order_id":"finished","0009_remove_sync_client_buckets_table":"finished","0010_add_history_owner":"finished","0011_add_history_response_table":"finished","0012_add_user_data_table":"finished","0013_sanitize_request_response_and_history_methods":"finished","0014_sanitize_response_requestobject_rawmodedata":"finished","0015_add_favorited_collections_table":"finished","0016_add_permission_table":"finished","0017_add_user_preferences_table":"finished","0018_index_header_presets":"finished","0019_migrate_favorite_collections_data":"finished","0020_migrate_sync_client_revision":"finished","0021_clear_permissions":"finished","0022_add_workspace_header_presets":"finished","0023_remove_collection_permissions_and_shared":"finished","0024_add_console_timelines_table":"started"}]
[363768][1586259578868][shared][info]["Migrations: Applying migration","0024_add_console_timelines_table"]
[363768][1586259578868][shared][info]["Migrations: Upgrading IndexedDB to version","0024_add_console_timelines_table",13]
[363768][1586259578870][shared][info]["Migrations: Adding pending commit to queue","0024_add_console_timelines_table"]
[363768][1586259578871][shared][info]["Migrations: Starting migration","0025_add_console_events_table"]
[363768][1586259578871][shared][info]["Migrations: Setting context before starting migration","0025_add_console_events_table",{"0000_initial":"finished","0001_add_archived_resources_table":"finished","0002_add_variable_sessions_table":"finished","0003_add_editor_tables":"finished","0004_migrate_ws_session_data":"finished","0005_cleanup_request_response_and_history_body":"finished","0006_add_dbp_to_request_response_and_history":"finished","0007_add_sync_client_buckets_by_order_id_table":"finished","0008_migrate_to_sync_client_buckets_by_order_id":"finished","0009_remove_sync_client_buckets_table":"finished","0010_add_history_owner":"finished","0011_add_history_response_table":"finished","0012_add_user_data_table":"finished","0013_sanitize_request_response_and_history_methods":"finished","0014_sanitize_response_requestobject_rawmodedata":"finished","0015_add_favorited_collections_table":"finished","0016_add_permission_table":"finished","0017_add_user_preferences_table":"finished","0018_index_header_presets":"finished","0019_migrate_favorite_collections_data":"finished","0020_migrate_sync_client_revision":"finished","0021_clear_permissions":"finished","0022_add_workspace_header_presets":"finished","0023_remove_collection_permissions_and_shared":"finished","0024_add_console_timelines_table":"started","0025_add_console_events_table":"started"}]
[363768][1586259578871][shared][info]["Migrations: Applying migration","0025_add_console_events_table"]
[363768][1586259578872][shared][info]["Migrations: Upgrading IndexedDB to version","0025_add_console_events_table",14]
[363768][1586259578877][shared][info]["Migrations: Adding pending commit to queue","0025_add_console_events_table"]
[363768][1586259578877][shared][info]["Migrations: Starting migration","0026_index_console_events"]
[363768][1586259578877][shared][info]["Migrations: Setting context before starting migration","0026_index_console_events",{"0000_initial":"finished","0001_add_archived_resources_table":"finished","0002_add_variable_sessions_table":"finished","0003_add_editor_tables":"finished","0004_migrate_ws_session_data":"finished","0005_cleanup_request_response_and_history_body":"finished","0006_add_dbp_to_request_response_and_history":"finished","0007_add_sync_client_buckets_by_order_id_table":"finished","0008_migrate_to_sync_client_buckets_by_order_id":"finished","0009_remove_sync_client_buckets_table":"finished","0010_add_history_owner":"finished","0011_add_history_response_table":"finished","0012_add_user_data_table":"finished","0013_sanitize_request_response_and_history_methods":"finished","0014_sanitize_response_requestobject_rawmodedata":"finished","0015_add_favorited_collections_table":"finished","0016_add_permission_table":"finished","0017_add_user_preferences_table":"finished","0018_index_header_presets":"finished","0019_migrate_favorite_collections_data":"finished","0020_migrate_sync_client_revision":"finished","0021_clear_permissions":"finished","0022_add_workspace_header_presets":"finished","0023_remove_collection_permissions_and_shared":"finished","0024_add_console_timelines_table":"started","0025_add_console_events_table":"started","0026_index_console_events":"started"}]
[363768][1586259578878][shared][info]["Migrations: Applying migration","0026_index_console_events"]
[363768][1586259578878][shared][info]["Migrations: Upgrading IndexedDB to version","0026_index_console_events",15]
[363768][1586259578881][shared][info]["Migrations: Adding pending commit to queue","0026_index_console_events"]
[363768][1586259578882][shared][info]["Migrations: Starting migration","0027_add_console_blob_table"]
[363768][1586259578882][shared][info]["Migrations: Setting context before starting migration","0027_add_console_blob_table",{"0000_initial":"finished","0001_add_archived_resources_table":"finished","0002_add_variable_sessions_table":"finished","0003_add_editor_tables":"finished","0004_migrate_ws_session_data":"finished","0005_cleanup_request_response_and_history_body":"finished","0006_add_dbp_to_request_response_and_history":"finished","0007_add_sync_client_buckets_by_order_id_table":"finished","0008_migrate_to_sync_client_buckets_by_order_id":"finished","0009_remove_sync_client_buckets_table":"finished","0010_add_history_owner":"finished","0011_add_history_response_table":"finished","0012_add_user_data_table":"finished","0013_sanitize_request_response_and_history_methods":"finished","0014_sanitize_response_requestobject_rawmodedata":"finished","0015_add_favorited_collections_table":"finished","0016_add_permission_table":"finished","0017_add_user_preferences_table":"finished","0018_index_header_presets":"finished","0019_migrate_favorite_collections_data":"finished","0020_migrate_sync_client_revision":"finished","0021_clear_permissions":"finished","0022_add_workspace_header_presets":"finished","0023_remove_collection_permissions_and_shared":"finished","0024_add_console_timelines_table":"started","0025_add_console_events_table":"started","0026_index_console_events":"started","0027_add_console_blob_table":"started"}]
[363768][1586259578883][shared][info]["Migrations: Applying migration","0027_add_console_blob_table"]
[363768][1586259578883][shared][info]["Migrations: Upgrading IndexedDB to version","0027_add_console_blob_table",16]
[363768][1586259578886][shared][info]["Migrations: Adding pending commit to queue","0027_add_console_blob_table"]
[363768][1586259578886][shared][info]["Migrations: Starting migration","0028_add_runner_data_table"]
[363768][1586259578886][shared][info]["Migrations: Setting context before starting migration","0028_add_runner_data_table",{"0000_initial":"finished","0001_add_archived_resources_table":"finished","0002_add_variable_sessions_table":"finished","0003_add_editor_tables":"finished","0004_migrate_ws_session_data":"finished","0005_cleanup_request_response_and_history_body":"finished","0006_add_dbp_to_request_response_and_history":"finished","0007_add_sync_client_buckets_by_order_id_table":"finished","0008_migrate_to_sync_client_buckets_by_order_id":"finished","0009_remove_sync_client_buckets_table":"finished","0010_add_history_owner":"finished","0011_add_history_response_table":"finished","0012_add_user_data_table":"finished","0013_sanitize_request_response_and_history_methods":"finished","0014_sanitize_response_requestobject_rawmodedata":"finished","0015_add_favorited_collections_table":"finished","0016_add_permission_table":"finished","0017_add_user_preferences_table":"finished","0018_index_header_presets":"finished","0019_migrate_favorite_collections_data":"finished","0020_migrate_sync_client_revision":"finished","0021_clear_permissions":"finished","0022_add_workspace_header_presets":"finished","0023_remove_collection_permissions_and_shared":"finished","0024_add_console_timelines_table":"started","0025_add_console_events_table":"started","0026_index_console_events":"started","0027_add_console_blob_table":"started","0028_add_runner_data_table":"started"}]
[363768][1586259578886][shared][info]["Migrations: Applying migration","0028_add_runner_data_table"]
[363768][1586259578887][shared][info]["Migrations: Upgrading IndexedDB to version","0028_add_runner_data_table",17]
[363768][1586259578889][shared][info]["Migrations: Adding pending commit to queue","0028_add_runner_data_table"]
[363768][1586259578889][shared][info]["Migrations: Starting migration","0029_add_api_schema_table"]
[363768][1586259578889][shared][info]["Migrations: Setting context before starting migration","0029_add_api_schema_table",{"0000_initial":"finished","0001_add_archived_resources_table":"finished","0002_add_variable_sessions_table":"finished","0003_add_editor_tables":"finished","0004_migrate_ws_session_data":"finished","0005_cleanup_request_response_and_history_body":"finished","0006_add_dbp_to_request_response_and_history":"finished","0007_add_sync_client_buckets_by_order_id_table":"finished","0008_migrate_to_sync_client_buckets_by_order_id":"finished","0009_remove_sync_client_buckets_table":"finished","0010_add_history_owner":"finished","0011_add_history_response_table":"finished","0012_add_user_data_table":"finished","0013_sanitize_request_response_and_history_methods":"finished","0014_sanitize_response_requestobject_rawmodedata":"finished","0015_add_favorited_collections_table":"finished","0016_add_permission_table":"finished","0017_add_user_preferences_table":"finished","0018_index_header_presets":"finished","0019_migrate_favorite_collections_data":"finished","0020_migrate_sync_client_revision":"finished","0021_clear_permissions":"finished","0022_add_workspace_header_presets":"finished","0023_remove_collection_permissions_and_shared":"finished","0024_add_console_timelines_table":"started","0025_add_console_events_table":"started","0026_index_console_events":"started","0027_add_console_blob_table":"started","0028_add_runner_data_table":"started","0029_add_api_schema_table":"started"}]
[363768][1586259578890][shared][info]["Migrations: Applying migration","0029_add_api_schema_table"]
[363768][1586259578890][shared][info]["Migrations: Upgrading IndexedDB to version","0029_add_api_schema_table",18]
[363768][1586259578892][shared][info]["Migrations: Adding pending commit to queue","0029_add_api_schema_table"]
[363768][1586259578892][shared][info]["Migrations: Starting migration","0030_migrate_collection_runs"]
[363768][1586259578893][shared][info]["Migrations: Flushing pending migrations for","0030_migrate_collection_runs"]
[363768][1586259578893][shared][info]["Migrations: Flushing pending commit for type","IndexeddbSchemaMigration"]
[363768][1586259578893][shared][info]["Migrations: Committing IndexedDB upgrade"]
[363768][1586259578959][shared][info]["Migrations: Updating status in migration context",{"0000_initial":"finished","0001_add_archived_resources_table":"finished","0002_add_variable_sessions_table":"finished","0003_add_editor_tables":"finished","0004_migrate_ws_session_data":"finished","0005_cleanup_request_response_and_history_body":"finished","0006_add_dbp_to_request_response_and_history":"finished","0007_add_sync_client_buckets_by_order_id_table":"finished","0008_migrate_to_sync_client_buckets_by_order_id":"finished","0009_remove_sync_client_buckets_table":"finished","0010_add_history_owner":"finished","0011_add_history_response_table":"finished","0012_add_user_data_table":"finished","0013_sanitize_request_response_and_history_methods":"finished","0014_sanitize_response_requestobject_rawmodedata":"finished","0015_add_favorited_collections_table":"finished","0016_add_permission_table":"finished","0017_add_user_preferences_table":"finished","0018_index_header_presets":"finished","0019_migrate_favorite_collections_data":"finished","0020_migrate_sync_client_revision":"finished","0021_clear_permissions":"finished","0022_add_workspace_header_presets":"finished","0023_remove_collection_permissions_and_shared":"finished","0024_add_console_timelines_table":"started","0025_add_console_events_table":"started","0026_index_console_events":"started","0027_add_console_blob_table":"started","0028_add_runner_data_table":"started","0029_add_api_schema_table":"started"}]
[363768][1586259578961][shared][info]["Migrations: Updated status in migration context",{"0000_initial":"finished","0001_add_archived_resources_table":"finished","0002_add_variable_sessions_table":"finished","0003_add_editor_tables":"finished","0004_migrate_ws_session_data":"finished","0005_cleanup_request_response_and_history_body":"finished","0006_add_dbp_to_request_response_and_history":"finished","0007_add_sync_client_buckets_by_order_id_table":"finished","0008_migrate_to_sync_client_buckets_by_order_id":"finished","0009_remove_sync_client_buckets_table":"finished","0010_add_history_owner":"finished","0011_add_history_response_table":"finished","0012_add_user_data_table":"finished","0013_sanitize_request_response_and_history_methods":"finished","0014_sanitize_response_requestobject_rawmodedata":"finished","0015_add_favorited_collections_table":"finished","0016_add_permission_table":"finished","0017_add_user_preferences_table":"finished","0018_index_header_presets":"finished","0019_migrate_favorite_collections_data":"finished","0020_migrate_sync_client_revision":"finished","0021_clear_permissions":"finished","0022_add_workspace_header_presets":"finished","0023_remove_collection_permissions_and_shared":"finished","0024_add_console_timelines_table":"finished","0025_add_console_events_table":"finished","0026_index_console_events":"finished","0027_add_console_blob_table":"finished","0028_add_runner_data_table":"finished","0029_add_api_schema_table":"finished"}]
[363768][1586259578962][shared][info]["Migrations: Setting context before starting migration","0030_migrate_collection_runs",{"0000_initial":"finished","0001_add_archived_resources_table":"finished","0002_add_variable_sessions_table":"finished","0003_add_editor_tables":"finished","0004_migrate_ws_session_data":"finished","0005_cleanup_request_response_and_history_body":"finished","0006_add_dbp_to_request_response_and_history":"finished","0007_add_sync_client_buckets_by_order_id_table":"finished","0008_migrate_to_sync_client_buckets_by_order_id":"finished","0009_remove_sync_client_buckets_table":"finished","0010_add_history_owner":"finished","0011_add_history_response_table":"finished","0012_add_user_data_table":"finished","0013_sanitize_request_response_and_history_methods":"finished","0014_sanitize_response_requestobject_rawmodedata":"finished","0015_add_favorited_collections_table":"finished","0016_add_permission_table":"finished","0017_add_user_preferences_table":"finished","0018_index_header_presets":"finished","0019_migrate_favorite_collections_data":"finished","0020_migrate_sync_client_revision":"finished","0021_clear_permissions":"finished","0022_add_workspace_header_presets":"finished","0023_remove_collection_permissions_and_shared":"finished","0024_add_console_timelines_table":"finished","0025_add_console_events_table":"finished","0026_index_console_events":"finished","0027_add_console_blob_table":"finished","0028_add_runner_data_table":"finished","0029_add_api_schema_table":"finished","0030_migrate_collection_runs":"started"}]
[363768][1586259578962][shared][info]["Migrations: Applying migration","0030_migrate_collection_runs"]
[363768][1586259578963][shared][info]["Migrations: Processing IndexedDB data migration","0030_migrate_collection_runs"]
[363768][1586259578967][shared][info]["Migration~CollectionRun: Migrating collection runs"]
[363768][1586259579069][shared][info]["Migrations: Saving migration context after completion","0030_migrate_collection_runs",{"0000_initial":"finished","0001_add_archived_resources_table":"finished","0002_add_variable_sessions_table":"finished","0003_add_editor_tables":"finished","0004_migrate_ws_session_data":"finished","0005_cleanup_request_response_and_history_body":"finished","0006_add_dbp_to_request_response_and_history":"finished","0007_add_sync_client_buckets_by_order_id_table":"finished","0008_migrate_to_sync_client_buckets_by_order_id":"finished","0009_remove_sync_client_buckets_table":"finished","0010_add_history_owner":"finished","0011_add_history_response_table":"finished","0012_add_user_data_table":"finished","0013_sanitize_request_response_and_history_methods":"finished","0014_sanitize_response_requestobject_rawmodedata":"finished","0015_add_favorited_collections_table":"finished","0016_add_permission_table":"finished","0017_add_user_preferences_table":"finished","0018_index_header_presets":"finished","0019_migrate_favorite_collections_data":"finished","0020_migrate_sync_client_revision":"finished","0021_clear_permissions":"finished","0022_add_workspace_header_presets":"finished","0023_remove_collection_permissions_and_shared":"finished","0024_add_console_timelines_table":"finished","0025_add_console_events_table":"finished","0026_index_console_events":"finished","0027_add_console_blob_table":"finished","0028_add_runner_data_table":"finished","0029_add_api_schema_table":"finished","0030_migrate_collection_runs":"started"}]
[363768][1586259579070][shared][info]["Migrations: Starting migration","0031_add_api_relation_table"]
[363768][1586259579070][shared][info]["Migrations: Setting context before starting migration","0031_add_api_relation_table",{"0000_initial":"finished","0001_add_archived_resources_table":"finished","0002_add_variable_sessions_table":"finished","0003_add_editor_tables":"finished","0004_migrate_ws_session_data":"finished","0005_cleanup_request_response_and_history_body":"finished","0006_add_dbp_to_request_response_and_history":"finished","0007_add_sync_client_buckets_by_order_id_table":"finished","0008_migrate_to_sync_client_buckets_by_order_id":"finished","0009_remove_sync_client_buckets_table":"finished","0010_add_history_owner":"finished","0011_add_history_response_table":"finished","0012_add_user_data_table":"finished","0013_sanitize_request_response_and_history_methods":"finished","0014_sanitize_response_requestobject_rawmodedata":"finished","0015_add_favorited_collections_table":"finished","0016_add_permission_table":"finished","0017_add_user_preferences_table":"finished","0018_index_header_presets":"finished","0019_migrate_favorite_collections_data":"finished","0020_migrate_sync_client_revision":"finished","0021_clear_permissions":"finished","0022_add_workspace_header_presets":"finished","0023_remove_collection_permissions_and_shared":"finished","0024_add_console_timelines_table":"finished","0025_add_console_events_table":"finished","0026_index_console_events":"finished","0027_add_console_blob_table":"finished","0028_add_runner_data_table":"finished","0029_add_api_schema_table":"finished","0030_migrate_collection_runs":"finished","0031_add_api_relation_table":"started"}]
[363768][1586259579071][shared][info]["Migrations: Applying migration","0031_add_api_relation_table"]
[363768][1586259579071][shared][info]["Migrations: Upgrading IndexedDB to version","0031_add_api_relation_table",19]
[363768][1586259579075][shared][info]["Migrations: Adding pending commit to queue","0031_add_api_relation_table"]
[363768][1586259579075][shared][info]["Migrations: Starting migration","0032_index_workspacesession_editor"]
[363768][1586259579075][shared][info]["Migrations: Setting context before starting migration","0032_index_workspacesession_editor",{"0000_initial":"finished","0001_add_archived_resources_table":"finished","0002_add_variable_sessions_table":"finished","0003_add_editor_tables":"finished","0004_migrate_ws_session_data":"finished","0005_cleanup_request_response_and_history_body":"finished","0006_add_dbp_to_request_response_and_history":"finished","0007_add_sync_client_buckets_by_order_id_table":"finished","0008_migrate_to_sync_client_buckets_by_order_id":"finished","0009_remove_sync_client_buckets_table":"finished","0010_add_history_owner":"finished","0011_add_history_response_table":"finished","0012_add_user_data_table":"finished","0013_sanitize_request_response_and_history_methods":"finished","0014_sanitize_response_requestobject_rawmodedata":"finished","0015_add_favorited_collections_table":"finished","0016_add_permission_table":"finished","0017_add_user_preferences_table":"finished","0018_index_header_presets":"finished","0019_migrate_favorite_collections_data":"finished","0020_migrate_sync_client_revision":"finished","0021_clear_permissions":"finished","0022_add_workspace_header_presets":"finished","0023_remove_collection_permissions_and_shared":"finished","0024_add_console_timelines_table":"finished","0025_add_console_events_table":"finished","0026_index_console_events":"finished","0027_add_console_blob_table":"finished","0028_add_runner_data_table":"finished","0029_add_api_schema_table":"finished","0030_migrate_collection_runs":"finished","0031_add_api_relation_table":"started","0032_index_workspacesession_editor":"started"}]
[363768][1586259579076][shared][info]["Migrations: Applying migration","0032_index_workspacesession_editor"]
[363768][1586259579077][shared][info]["Migrations: Upgrading IndexedDB to version","0032_index_workspacesession_editor",20]
[363768][1586259579082][shared][info]["Migrations: Adding pending commit to queue","0032_index_workspacesession_editor"]
[363768][1586259579083][shared][info]["Migrations: Starting migration","0033_add_editor_data_cache_table"]
[363768][1586259579083][shared][info]["Migrations: Setting context before starting migration","0033_add_editor_data_cache_table",{"0000_initial":"finished","0001_add_archived_resources_table":"finished","0002_add_variable_sessions_table":"finished","0003_add_editor_tables":"finished","0004_migrate_ws_session_data":"finished","0005_cleanup_request_response_and_history_body":"finished","0006_add_dbp_to_request_response_and_history":"finished","0007_add_sync_client_buckets_by_order_id_table":"finished","0008_migrate_to_sync_client_buckets_by_order_id":"finished","0009_remove_sync_client_buckets_table":"finished","0010_add_history_owner":"finished","0011_add_history_response_table":"finished","0012_add_user_data_table":"finished","0013_sanitize_request_response_and_history_methods":"finished","0014_sanitize_response_requestobject_rawmodedata":"finished","0015_add_favorited_collections_table":"finished","0016_add_permission_table":"finished","0017_add_user_preferences_table":"finished","0018_index_header_presets":"finished","0019_migrate_favorite_collections_data":"finished","0020_migrate_sync_client_revision":"finished","0021_clear_permissions":"finished","0022_add_workspace_header_presets":"finished","0023_remove_collection_permissions_and_shared":"finished","0024_add_console_timelines_table":"finished","0025_add_console_events_table":"finished","0026_index_console_events":"finished","0027_add_console_blob_table":"finished","0028_add_runner_data_table":"finished","0029_add_api_schema_table":"finished","0030_migrate_collection_runs":"finished","0031_add_api_relation_table":"started","0032_index_workspacesession_editor":"started","0033_add_editor_data_cache_table":"started"}]
[363768][1586259579085][shared][info]["Migrations: Applying migration","0033_add_editor_data_cache_table"]
[363768][1586259579085][shared][info]["Migrations: Upgrading IndexedDB to version","0033_add_editor_data_cache_table",21]
[363768][1586259579089][shared][info]["Migrations: Adding pending commit to queue","0033_add_editor_data_cache_table"]
[363768][1586259579089][shared][info]["Migrations: Flushing pending commit steps"]
[363768][1586259579089][shared][info]["Migrations: Flushing pending commit for type","IndexeddbSchemaMigration"]
[363768][1586259579089][shared][info]["Migrations: Committing IndexedDB upgrade"]
[363768][1586259579151][shared][info]["Migrations: Updating status in migration context",{"0000_initial":"finished","0001_add_archived_resources_table":"finished","0002_add_variable_sessions_table":"finished","0003_add_editor_tables":"finished","0004_migrate_ws_session_data":"finished","0005_cleanup_request_response_and_history_body":"finished","0006_add_dbp_to_request_response_and_history":"finished","0007_add_sync_client_buckets_by_order_id_table":"finished","0008_migrate_to_sync_client_buckets_by_order_id":"finished","0009_remove_sync_client_buckets_table":"finished","0010_add_history_owner":"finished","0011_add_history_response_table":"finished","0012_add_user_data_table":"finished","0013_sanitize_request_response_and_history_methods":"finished","0014_sanitize_response_requestobject_rawmodedata":"finished","0015_add_favorited_collections_table":"finished","0016_add_permission_table":"finished","0017_add_user_preferences_table":"finished","0018_index_header_presets":"finished","0019_migrate_favorite_collections_data":"finished","0020_migrate_sync_client_revision":"finished","0021_clear_permissions":"finished","0022_add_workspace_header_presets":"finished","0023_remove_collection_permissions_and_shared":"finished","0024_add_console_timelines_table":"finished","0025_add_console_events_table":"finished","0026_index_console_events":"finished","0027_add_console_blob_table":"finished","0028_add_runner_data_table":"finished","0029_add_api_schema_table":"finished","0030_migrate_collection_runs":"finished","0031_add_api_relation_table":"started","0032_index_workspacesession_editor":"started","0033_add_editor_data_cache_table":"started"}]
[363768][1586259579154][shared][info]["Migrations: Updated status in migration context",{"0000_initial":"finished","0001_add_archived_resources_table":"finished","0002_add_variable_sessions_table":"finished","0003_add_editor_tables":"finished","0004_migrate_ws_session_data":"finished","0005_cleanup_request_response_and_history_body":"finished","0006_add_dbp_to_request_response_and_history":"finished","0007_add_sync_client_buckets_by_order_id_table":"finished","0008_migrate_to_sync_client_buckets_by_order_id":"finished","0009_remove_sync_client_buckets_table":"finished","0010_add_history_owner":"finished","0011_add_history_response_table":"finished","0012_add_user_data_table":"finished","0013_sanitize_request_response_and_history_methods":"finished","0014_sanitize_response_requestobject_rawmodedata":"finished","0015_add_favorited_collections_table":"finished","0016_add_permission_table":"finished","0017_add_user_preferences_table":"finished","0018_index_header_presets":"finished","0019_migrate_favorite_collections_data":"finished","0020_migrate_sync_client_revision":"finished","0021_clear_permissions":"finished","0022_add_workspace_header_presets":"finished","0023_remove_collection_permissions_and_shared":"finished","0024_add_console_timelines_table":"finished","0025_add_console_events_table":"finished","0026_index_console_events":"finished","0027_add_console_blob_table":"finished","0028_add_runner_data_table":"finished","0029_add_api_schema_table":"finished","0030_migrate_collection_runs":"finished","0031_add_api_relation_table":"finished","0032_index_workspacesession_editor":"finished","0033_add_editor_data_cache_table":"finished"}]
[363768][1586259579155][shared][info]["Migration: Finished all migrations"]
[363768][1586259579514][shared][info]["bootstrapModels - Success"]
[363768][1586259579516][shared][info]["WLModels~boot - Success"]
[363768][1586259579554][shared][info]["initializeConfigurationsValues - Success"]
[363768][1586259579673][shared][info]["Migrate - Bailed out due to:","FRESH_INSTALL"]
[363768][1586259579718][shared][info]["AppModels~boot - Success"]
[363768][1586259579721][shared][info]["SharedRuntimeListeners~boot - Success"]
[363768][1586259579755][shared][info]["Sync~boot - Success"]
[363768][1586259579771][shared][info]["Shared~boot - Success"]
[363768][1586259579771][shared][info]["booted - shared"]
[363768][1586259585017][shared][info]["UI pulled the session locked information on init"]
[363768][1586259616876][shared][info]["autoPersistVariablesConfigUpdate - Success"]
[363768][1586259616880][shared][info]["PostLoginService: Starting post login migration"]
[363768][1586259616881][shared][info]["PostLoginService: Backing up user data"]
[363768][1586259616926][shared][info]["PostLoginService: Finished backing up user data"]
[363768][1586259616927][shared][info]["PostLoginService: Creating new workspace"]
[363768][1586259617013][shared][info]["PostLoginService: Creating changesets for unsynced changes"]
[363768][1586259617033][shared][info]["PostLoginService: Changing owner in models"]
[363768][1586259617055][shared][info]["PostLoginService: Changing user id reference in models"]
[363768][1586259617059][shared][info]["PostLoginService: Changing owner id workspace dependencies"]
[363768][1586259617063][shared][info]["PostLoginService: Rewiring globals"]
[363768][1586259618283][shared][info]["PostLoginService: Rewiring variable sessions"]
[363768][1586259618296][shared][info]["PostLoginService: Updating workspace sessions"]
[363768][1586259618353][shared][info]["PostLoginService: Deleting old workspace"]
[363768][1586259624744][shared][warn]["GateKeeperService~_handleKeyUpdate: Invalid key type provided",{"type":"flags","value":false}]
[363768][1586259624745][shared][info]["GateKeeperService~onNotificationToggle Key value toggled for Notification to true"]
[363768][1586259624745][shared][info]["GateKeeperService~onSyncToggle Key value toggled for Sync to true"]
[363768][1586259624746][shared][info]["GateKeeperService~onWebsocketToggle Key value toggled for Websocket to true"]
[363768][1586259624747][shared][warn]["SyncManagerNew~attachGateKeeperHandlers: listening to notification event",{"data":{"isEnabled":true},"name":"notification","namespace":"gatekeeper"}]
[363768][1586259624748][shared][warn]["SyncManagerNew~attachGateKeeperHandlers: listening to sync event",{"data":{"isEnabled":true},"name":"sync","namespace":"gatekeeper"}]
[363768][1586259624749][shared][warn]["SyncManagerNew~attachGateKeeperHandlers: listening to websocket event",{"data":{"isEnabled":true},"name":"websocket","namespace":"gatekeeper"}]
[363768][1586259627326][shared][info]["SyncTimelineHelper: Force stopping all timelines"]
[363768][1586259627343][shared][info]["BaseSyncTimeline~subscribe: Subscribing to real time changes for user:10190497"]
[363768][1586259627343][shared][info]["BaseSyncTimeline~_sync: Starting sync for user:10190497"]
[363768][1586259627346][shared][info]["BaseSyncTimeline~getPendingClientChanges: Starting to get pending changes for user:10190497"]
[363768][1586259627347][shared][info]["BaseSyncTimeline~getPendingClientChanges: Finished to get pending changes for user:10190497"]
[363768][1586259627350][shared][info]["BaseSyncTimeline~getPendingServerChanges: Starting /sync call for user:10190497"]
[363768][1586259627669][shared][info]["BaseSyncTimeline~getPendingServerChanges: Finished /sync call for user:10190497"]
[363768][1586259627671][shared][info]["BaseSyncTimeline~processServerChange: Started processing changeset for workspace:join:315b8d74-33e2-4f73-8c87-01ac04756ff8 Timeline:user:10190497"]
[363768][1586259627672][shared][info]["BaseSyncTimeline~subscribe: Subscribing to real time changes for workspace:315b8d74-33e2-4f73-8c87-01ac04756ff8"]
[363768][1586259627673][shared][info]["BaseSyncTimeline~_sync: Starting sync for workspace:315b8d74-33e2-4f73-8c87-01ac04756ff8"]
[363768][1586259627674][shared][info]["BaseSyncTimeline~processServerChange: Finished processing changeset for workspace:join:315b8d74-33e2-4f73-8c87-01ac04756ff8 Timeline:user:10190497"]
[363768][1586259627676][shared][info]["BaseSyncTimeline~getPendingClientChanges: Starting to get pending changes for workspace:315b8d74-33e2-4f73-8c87-01ac04756ff8"]
[363768][1586259627679][shared][info]["BaseSyncTimeline~getPendingClientChanges: Finished to get pending changes for workspace:315b8d74-33e2-4f73-8c87-01ac04756ff8"]
[363768][1586259627681][shared][info]["BaseSyncTimeline~getPendingServerChanges: Starting /sync call for workspace:315b8d74-33e2-4f73-8c87-01ac04756ff8"]
[363768][1586259627807][shared][info]["BaseSyncTimeline~SyncFinishedObservable: Successful sync proceeding with integrity check and force sync for user:10190497"]
[363768][1586259627808][shared][info]["BaseSyncTimeline~handleIntegrityChecks: Starting integrity check for user:10190497"]
[363768][1586259627866][shared][info]["BaseSyncTimeline~getPendingServerChanges: Finished /sync call for workspace:315b8d74-33e2-4f73-8c87-01ac04756ff8"]
[363768][1586259627867][shared][info]["BaseSyncTimeline~processServerChange: Started processing changeset for workspace:create:315b8d74-33e2-4f73-8c87-01ac04756ff8 Timeline:workspace:315b8d74-33e2-4f73-8c87-01ac04756ff8"]
[363768][1586259627938][shared][info]["BaseSyncTimeline~processServerChange: Finished processing changeset for workspace:create:315b8d74-33e2-4f73-8c87-01ac04756ff8 Timeline:workspace:315b8d74-33e2-4f73-8c87-01ac04756ff8"]
[363768][1586259627939][shared][info]["BaseSyncTimeline~processServerChange: Started processing changeset for globals:create:c0cd93ed-52eb-495d-828a-721ca1cb588c Timeline:workspace:315b8d74-33e2-4f73-8c87-01ac04756ff8"]
[363768][1586259628035][shared][info]["BaseSyncTimeline~handleIntegrityChecks: Finished integrity check for user:10190497"]
[363768][1586259628036][shared][info]["BaseSyncTimeline~_handleForceSync: Bailing out of force sync for user:10190497"]
[363768][1586259628132][shared][info]["BaseSyncTimeline~processServerChange: Finished processing changeset for globals:create:c0cd93ed-52eb-495d-828a-721ca1cb588c Timeline:workspace:315b8d74-33e2-4f73-8c87-01ac04756ff8"]
[363768][1586259628197][shared][info]["BaseSyncTimeline~SyncFinishedObservable: Successful sync proceeding with integrity check and force sync for workspace:315b8d74-33e2-4f73-8c87-01ac04756ff8"]
[363768][1586259628198][shared][info]["BaseSyncTimeline~handleIntegrityChecks: Starting integrity check for workspace:315b8d74-33e2-4f73-8c87-01ac04756ff8"]
[363768][1586259628475][shared][info]["BaseSyncTimeline~handleIntegrityChecks: Finished integrity check for workspace:315b8d74-33e2-4f73-8c87-01ac04756ff8"]
[363768][1586259628477][shared][info]["BaseSyncTimeline~_handleForceSync: Bailing out of force sync for workspace:315b8d74-33e2-4f73-8c87-01ac04756ff8"]
[363768][1586259687801][shared][info]["RealtimeSyncMessageService~publishRealtimeOutgoingMessage: Message received history:import:63fa5dd0-f805-4729-89e3-fa59a2ac3526 Timeline in message: workspace:315b8d74-33e2-4f73-8c87-01ac04756ff8"]
[363768][1586259687801][shared][info]["BaseSyncTimeline~getPendingClientChanges: Starting to get pending changes for workspace:315b8d74-33e2-4f73-8c87-01ac04756ff8"]
[363768][1586259687907][shared][info]["BaseSyncTimeline~getPendingClientChanges: Finished to get pending changes for workspace:315b8d74-33e2-4f73-8c87-01ac04756ff8"]
[363768][1586259687909][shared][info]["BaseSyncTimeline~processClientChangesObservable: Started sending changeset for history:import:63fa5dd0-f805-4729-89e3-fa59a2ac3526 Timeline:workspace:315b8d74-33e2-4f73-8c87-01ac04756ff8"]
[363768][1586259688914][shared][info]["BaseSyncTimeline~processClientChangesObservable: Success for sending changeset for history:import:63fa5dd0-f805-4729-89e3-fa59a2ac3526 Timeline:workspace:315b8d74-33e2-4f73-8c87-01ac04756ff8"]
